Using pre-set license
Built from '2022.3/staging' branch; Version is '2022.3.37f1 (340ba89e4c23) revision 3410856'; Using compiler version '192829333'; Build Type 'Release'
OS: 'Windows 10  (10.0.19045) 64bit Professional' Language: 'uk' Physical Memory: 16288 MB
BatchMode: 1, IsHumanControllingUs: 0, StartBugReporterOnCrash: 0, Is64bit: 1, IsPro: 1

COMMAND LINE ARGUMENTS:
D:\Unity\Editors\2022.3.37f1\Editor\Unity.exe
-adb2
-batchMode
-noUpm
-name
AssetImportWorker10
-projectPath
D:/SoftTeam/Repozitories/MyProject_6_PastPresent/PastPresentThe HistoryChallenge
-logFile
Logs/AssetImportWorker10.log
-srvPort
53091
Successfully changed project path to: D:/SoftTeam/Repozitories/MyProject_6_PastPresent/PastPresentThe HistoryChallenge
D:/SoftTeam/Repozitories/MyProject_6_PastPresent/PastPresentThe HistoryChallenge
[UnityMemory] Configuration Parameters - Can be set up in boot.config
    "memorysetup-bucket-allocator-granularity=16"
    "memorysetup-bucket-allocator-bucket-count=8"
    "memorysetup-bucket-allocator-block-size=33554432"
    "memorysetup-bucket-allocator-block-count=8"
    "memorysetup-main-allocator-block-size=16777216"
    "memorysetup-thread-allocator-block-size=16777216"
    "memorysetup-gfx-main-allocator-block-size=16777216"
    "memorysetup-gfx-thread-allocator-block-size=16777216"
    "memorysetup-cache-allocator-block-size=4194304"
    "memorysetup-typetree-allocator-block-size=2097152"
    "memorysetup-profiler-bucket-allocator-granularity=16"
    "memorysetup-profiler-bucket-allocator-bucket-count=8"
    "memorysetup-profiler-bucket-allocator-block-size=33554432"
    "memorysetup-profiler-bucket-allocator-block-count=8"
    "memorysetup-profiler-allocator-block-size=16777216"
    "memorysetup-profiler-editor-allocator-block-size=1048576"
    "memorysetup-temp-allocator-size-main=16777216"
    "memorysetup-job-temp-allocator-block-size=2097152"
    "memorysetup-job-temp-allocator-block-size-background=1048576"
    "memorysetup-job-temp-allocator-reduction-small-platforms=262144"
    "memorysetup-allocator-temp-initial-block-size-main=262144"
    "memorysetup-allocator-temp-initial-block-size-worker=262144"
    "memorysetup-temp-allocator-size-background-worker=32768"
    "memorysetup-temp-allocator-size-job-worker=262144"
    "memorysetup-temp-allocator-size-preload-manager=33554432"
    "memorysetup-temp-allocator-size-nav-mesh-worker=65536"
    "memorysetup-temp-allocator-size-audio-worker=65536"
    "memorysetup-temp-allocator-size-cloud-worker=32768"
    "memorysetup-temp-allocator-size-gi-baking-worker=262144"
    "memorysetup-temp-allocator-size-gfx=262144"
Player connection [22100] Host "[IP] 192.168.1.105 [Port] 0 [Flags] 2 [Guid] 41959340 [EditorId] 41959340 [Version] 1048832 [Id] WindowsEditor(7,DESKTOP-M5RIVGM) [Debug] 1 [PackageName] WindowsEditor [ProjectName] Editor" joined multi-casting on [225.0.0.222:54997]...

Player connection [22100] Host "[IP] 192.168.1.105 [Port] 0 [Flags] 2 [Guid] 41959340 [EditorId] 41959340 [Version] 1048832 [Id] WindowsEditor(7,DESKTOP-M5RIVGM) [Debug] 1 [PackageName] WindowsEditor [ProjectName] Editor" joined alternative multi-casting on [225.0.0.222:34997]...

[PhysX] Initialized MultithreadedTaskDispatcher with 16 workers.
Refreshing native plugins compatible for Editor in 11.50 ms, found 4 plugins.
Preloading 0 native plugins for Editor in 0.00 ms.
Initialize engine version: 2022.3.37f1 (340ba89e4c23)
[Subsystems] Discovering subsystems at path D:/Unity/Editors/2022.3.37f1/Editor/Data/Resources/UnitySubsystems
[Subsystems] Discovering subsystems at path D:/SoftTeam/Repozitories/MyProject_6_PastPresent/PastPresentThe HistoryChallenge/Assets
GfxDevice: creating device client; threaded=0; jobified=0
Direct3D:
    Version:  Direct3D 11.0 [level 11.1]
    Renderer: NVIDIA GeForce RTX 3070 (ID=0x2488)
    Vendor:   NVIDIA
    VRAM:     8018 MB
    Driver:   32.0.15.6636
Initialize mono
Mono path[0] = 'D:/Unity/Editors/2022.3.37f1/Editor/Data/Managed'
Mono path[1] = 'D:/Unity/Editors/2022.3.37f1/Editor/Data/MonoBleedingEdge/lib/mono/unityjit-win32'
Mono config path = 'D:/Unity/Editors/2022.3.37f1/Editor/Data/MonoBleedingEdge/etc'
Using monoOptions --debugger-agent=transport=dt_socket,embedding=1,server=y,suspend=n,address=127.0.0.1:56788
Begin MonoManager ReloadAssembly
Registering precompiled unity dll's ...
Register platform support module: D:/Unity/Editors/2022.3.37f1/Editor/Data/PlaybackEngines/WebGLSupport/UnityEditor.WebGL.Extensions.dll
Register platform support module: D:/Unity/Editors/2022.3.37f1/Editor/Data/PlaybackEngines/MacStandaloneSupport/UnityEditor.OSXStandalone.Extensions.dll
Register platform support module: D:/Unity/Editors/2022.3.37f1/Editor/Data/PlaybackEngines/AndroidPlayer/UnityEditor.Android.Extensions.dll
Register platform support module: D:/Unity/Editors/2022.3.37f1/Editor/Data/PlaybackEngines/iOSSupport/UnityEditor.iOS.Extensions.dll
Register platform support module: D:/Unity/Editors/2022.3.37f1/Editor/Data/PlaybackEngines/VisionOSPlayer/UnityEditor.VisionOS.Extensions.dll
Register platform support module: D:/Unity/Editors/2022.3.37f1/Editor/Data/PlaybackEngines/AppleTVSupport/UnityEditor.AppleTV.Extensions.dll
Register platform support module: D:/Unity/Editors/2022.3.37f1/Editor/Data/PlaybackEngines/WindowsStandaloneSupport/UnityEditor.WindowsStandalone.Extensions.dll
Register platform support module: D:/Unity/Editors/2022.3.37f1/Editor/Data/PlaybackEngines/LinuxStandaloneSupport/UnityEditor.LinuxStandalone.Extensions.dll
Register platform support module: D:/Unity/Editors/2022.3.37f1/Editor/Data/PlaybackEngines/MetroSupport/UnityEditor.UWP.Extensions.dll
Registered in 0.009273 seconds.
- Loaded All Assemblies, in  0.271 seconds
Native extension for UWP target not found
Native extension for LinuxStandalone target not found
Native extension for WindowsStandalone target not found
[usbmuxd] Start listen thread
[usbmuxd] Listen thread started
Native extension for AppleTV target not found
Failed to load: D:/Unity/Editors/2022.3.37f1/Editor/Data/PlaybackEngines/VisionOSPlayer\x64\UnityEditor.VisionOS.Native.dll
Native extension for VisionOS target not found
[usbmuxd] Start listen thread
[usbmuxd] Listen thread started
Native extension for iOS target not found
Native extension for Android target not found
Android Extension - Scanning For ADB Devices 202 ms
Native extension for OSXStandalone target not found
Native extension for WebGL target not found
Mono: successfully reloaded assembly
- Finished resetting the current domain, in  0.471 seconds
Domain Reload Profiling: 742ms
	BeginReloadAssembly (80ms)
		ExecutionOrderSort (0ms)
		DisableScriptedObjects (0ms)
		BackupInstance (0ms)
		ReleaseScriptingObjects (0ms)
		CreateAndSetChildDomain (1ms)
	RebuildCommonClasses (25ms)
	RebuildNativeTypeToScriptingClass (7ms)
	initialDomainReloadingComplete (45ms)
	LoadAllAssembliesAndSetupDomain (114ms)
		LoadAssemblies (81ms)
		RebuildTransferFunctionScriptingTraits (0ms)
		AnalyzeDomain (111ms)
			TypeCache.Refresh (109ms)
				TypeCache.ScanAssembly (98ms)
			ScanForSourceGeneratedMonoScriptInfo (0ms)
			ResolveRequiredComponents (1ms)
	FinalizeReload (471ms)
		ReleaseScriptCaches (0ms)
		RebuildScriptCaches (0ms)
		SetupLoadedEditorAssemblies (427ms)
			LogAssemblyErrors (0ms)
			InitializePlatformSupportModulesInManaged (307ms)
			SetLoadedEditorAssemblies (3ms)
			RefreshPlugins (0ms)
			BeforeProcessingInitializeOnLoad (1ms)
			ProcessInitializeOnLoadAttributes (83ms)
			ProcessInitializeOnLoadMethodAttributes (32ms)
			AfterProcessingInitializeOnLoad (0ms)
			EditorAssembliesLoaded (0ms)
		ExecutionOrderSort2 (0ms)
		AwakeInstancesAfterBackupRestoration (0ms)
========================================================================
Worker process is ready to serve import requests
Begin MonoManager ReloadAssembly
Symbol file LoadedFromMemory is not a mono symbol file
- Loaded All Assemblies, in  0.505 seconds
Refreshing native plugins compatible for Editor in 3.29 ms, found 4 plugins.
Native extension for UWP target not found
Native extension for LinuxStandalone target not found
Native extension for WindowsStandalone target not found
Native extension for AppleTV target not found
Failed to load: D:/Unity/Editors/2022.3.37f1/Editor/Data/PlaybackEngines/VisionOSPlayer\x64\UnityEditor.VisionOS.Native.dll
Native extension for VisionOS target not found
Native extension for iOS target not found
Native extension for Android target not found
Native extension for OSXStandalone target not found
Native extension for WebGL target not found
Package Manager log level set to [2]
[Package Manager] Server::EnsureServerProcessIsRunning -- launch failed, reason: Unity was launched with the -noUpm command-line argument
[Package Manager] UpmClient::Send -- Unable to send message (not connected to UPM process).
[Package Manager] Cannot connect to Unity Package Manager local server
Mono: successfully reloaded assembly
- Finished resetting the current domain, in  0.527 seconds
Domain Reload Profiling: 1032ms
	BeginReloadAssembly (109ms)
		ExecutionOrderSort (0ms)
		DisableScriptedObjects (4ms)
		BackupInstance (0ms)
		ReleaseScriptingObjects (0ms)
		CreateAndSetChildDomain (20ms)
	RebuildCommonClasses (23ms)
	RebuildNativeTypeToScriptingClass (7ms)
	initialDomainReloadingComplete (29ms)
	LoadAllAssembliesAndSetupDomain (337ms)
		LoadAssemblies (261ms)
		RebuildTransferFunctionScriptingTraits (0ms)
		AnalyzeDomain (136ms)
			TypeCache.Refresh (113ms)
				TypeCache.ScanAssembly (98ms)
			ScanForSourceGeneratedMonoScriptInfo (18ms)
			ResolveRequiredComponents (4ms)
	FinalizeReload (528ms)
		ReleaseScriptCaches (0ms)
		RebuildScriptCaches (0ms)
		SetupLoadedEditorAssemblies (395ms)
			LogAssemblyErrors (0ms)
			InitializePlatformSupportModulesInManaged (35ms)
			SetLoadedEditorAssemblies (4ms)
			RefreshPlugins (0ms)
			BeforeProcessingInitializeOnLoad (55ms)
			ProcessInitializeOnLoadAttributes (273ms)
			ProcessInitializeOnLoadMethodAttributes (27ms)
			AfterProcessingInitializeOnLoad (2ms)
			EditorAssembliesLoaded (0ms)
		ExecutionOrderSort2 (0ms)
		AwakeInstancesAfterBackupRestoration (4ms)
Launched and connected shader compiler UnityShaderCompiler.exe after 0.04 seconds
Refreshing native plugins compatible for Editor in 3.06 ms, found 4 plugins.
Preloading 0 native plugins for Editor in 0.00 ms.
Unloading 4094 Unused Serialized files (Serialized files now loaded: 0)
Unloading 70 unused Assets / (36.4 KB). Loaded Objects now: 4558.
Memory consumption went from 153.0 MB to 153.0 MB.
Total: 3.153800 ms (FindLiveObjects: 0.261100 ms CreateObjectMapping: 0.171300 ms MarkObjects: 2.639700 ms  DeleteObjects: 0.080900 ms)

AssetImportParameters requested are different than current active one (requested -> active):
  custom:scripting/monoscript/fileName/Hud.cs: 3f613027fc63bf38f5a0c37d8874ee72 -> 
  custom:scripting/monoscript/fileName/UIParticleSystem.cs: f2032cc42c92df1f74c30ddf20d1edd6 -> 
  custom:container-demuxer-ogg: 62fdf1f143b41e24485cea50d1cbac27 -> 
  custom:scripting/monoscript/fileName/QuizLevel.cs: c4a892a335b7b84b476bf729addc86ae -> 4d603538b12c3621a34fb9fb33b036cc
  custom:scripting/monoscript/fileName/QuizQuestion.cs: 216181715a7b8be7765cde7f42b1d90f -> d94d1239b4bdb2cc8f926a69483f4cb4
  custom:video-decoder-ogg-theora: a1e56fd34408186e4bbccfd4996cb3dc -> 
  custom:framework-win-MediaFoundation: 216162199b28c13a410421893ffa2e32 -> 
  custom:scripting/monoscript/fileName/DOTweenInitializer.cs: 8e2cca5921a9b80cf33deea7940e5e4f -> 
  custom:scripting/monoscript/fileName/LevelManager.cs: f244a9524e679832f23f3fa7f91df5a5 -> 64e85ca0c67720aad0a2175177ff3eee
  custom:scripting/monoscript/fileName/Token.cs: eaaf38c2d587e5e76126b9ad860e251e -> 
  custom:scripting/monoscript/fileName/LevelButton.cs: 4da5bfbb2fb1e2738c5bd619a1adece5 -> b434bbac274fdfda2ff564593a03bbb9
  custom:CustomObjectIndexerAttribute: 9a22284fe3817be447336de3de66b15e -> 
  custom:container-demuxer-webm: 4f35f7cbe854078d1ac9338744f61a02 -> 
  custom:scripting/monoscript/fileName/RankAchievementsController.cs: 3cda00d22909278ae2f36a1671ebe093 -> 70af8ae6b5d1b3ed919378cb4258070d
  custom:scripting/monoscript/fileName/MainCameraMowemant.cs: a8899ae28a39af31656bbf00666fedaa -> 
  custom:scripting/monoscript/fileName/SettingPanel.cs: 9886d269b1477f3aee4483b06c921c55 -> 23906421fb342a1f53a99de0c5947e7b
  custom:container-muxer-webm: aa71ff27fc2769a1b78a27578f13a17b -> 
  custom:scripting/monoscript/fileName/PanelBlueSky.cs: 6e49e0693c0bbaeed5d2ad7c69c366f3 -> 
  custom:scripting/monoscript/fileName/LevelParameters.cs: 1ab313d196c3a0c35b85ddf12a679ed7 -> 
  custom:scripting/monoscript/fileName/LevelState.cs: cc670ad5cf6736d0894caca50f8513d4 -> 49477e9094210c0c540f6bf588b801a4
  custom:video-decoder-webm-vp8: 9c59270c3fd7afecdb556c50c9e8de78 -> 
  custom:SearchIndexIgnoredProperties: e643bd26f0fe6173181afceb89e7c659 -> 
  custom:AudioImporter_EditorPlatform: d09bf68614088b80899f8185d706f6e7 -> 
  custom:scripting/monoscript/fileName/StartPanel.cs: a4808055277a3c414872a927656a737b -> c259f80b255e5f3dc4577d005af09e50
  custom:scripting/monoscript/fileName/PanelControlBlueSky.cs: 4372aafdd06fd07a846c1988e16d42fb -> 
  custom:scripting/monoscript/fileName/Controller.cs: 9ac834cf3508dd1b6236017959eb9876 -> 
  custom:scripting/monoscript/fileName/DataStore.cs: bcb57d0f6ce1b69b5e705ca75b4f2903 -> 
  custom:video-encoder-webm-vp8: eb34c28f22e8b96e1ab97ce403110664 -> 
  custom:scripting/monoscript/fileName/TutorialPanel.cs: afc68be299170ca6b0629c3822839884 -> 6d857e2d74239cb2977ab602ad26b2f6
  custom:audio-decoder-ogg-vorbis: bf7c407c2cedff20999df2af8eb42d56 -> 
  custom:scripting/monoscript/fileName/PopupAnimation.cs: d622ef3e1efb31614179a85dfdaaa2c8 -> a5f58fca68809c512ff619983394f4f2
  custom:scripting/monoscript/fileName/Audio.cs: fce2c3646fd5a5fb136f4e093ff161a0 -> 
  custom:scripting/monoscript/fileName/Score.cs: 571ceaabfa11895c7a7212f0a37dba86 -> 
  custom:scripting/monoscript/fileName/Field.cs: 754baad824181aa766edb1f46aaf9467 -> 
  custom:scripting/monoscript/fileName/QuizController.cs: 2f1183ae927fe3aac0007700e7fc1fb0 -> 4d9bc6184856e9abac37a37d39c6b286
  custom:audio-encoder-webm-vorbis: bf7c407c2cedff20999df2af8eb42d56 -> 
  custom:scripting/monoscript/fileName/TravelMap.cs: 05f07abb596d0adf5b4de719ef58b396 -> 4dae51c169d5fffc7f168ece56a260e8
  custom:scripting/monoscript/fileName/PanelUserName.cs: 2662b4f7089f6e423a0fa91b2b8d0f9c -> 60a2534041db89af6dfa84eb10ae6c08
========================================================================
Received Import Request.
  Time since last request: 351961.911109 seconds.
  path: Assets/Sprites/Achivment/Open/Achiv1(open).png
  artifactKey: Guid(34430486b977dc34ba7093ba1973b88d) Importer(815301076,1909f56bfc062723c751e8b465ee728b)
Start importing Assets/Sprites/Achivment/Open/Achiv1(open).png using Guid(34430486b977dc34ba7093ba1973b88d) Importer(815301076,1909f56bfc062723c751e8b465ee728b) [PhysX] Initialized MultithreadedTaskDispatcher with 16 workers.
[PhysX] Initialized MultithreadedTaskDispatcher with 16 workers.
 -> (artifact id: '37010aa26a446c928cee273fbca22439') in 0.070461 seconds
Number of updated asset objects reloaded before import = 0
Number of asset objects unloaded after import = 3
========================================================================
Received Import Request.
  Time since last request: 0.001704 seconds.
  path: Assets/Plugins/Demigiant/DOTween/Editor/Imgs/Footer_dark.png
  artifactKey: Guid(519694efe2bb2914788b151fbd8c01f4) Importer(815301076,1909f56bfc062723c751e8b465ee728b)
Start importing Assets/Plugins/Demigiant/DOTween/Editor/Imgs/Footer_dark.png using Guid(519694efe2bb2914788b151fbd8c01f4) Importer(815301076,1909f56bfc062723c751e8b465ee728b) [PhysX] Initialized MultithreadedTaskDispatcher with 16 workers.
[PhysX] Initialized MultithreadedTaskDispatcher with 16 workers.
 -> (artifact id: 'f9996571cf129a049a6c6c3c01251f66') in 0.008412 seconds
Number of updated asset objects reloaded before import = 0
Number of asset objects unloaded after import = 2
========================================================================
Received Prepare
Begin MonoManager ReloadAssembly
Symbol file LoadedFromMemory is not a mono symbol file
- Loaded All Assemblies, in  0.367 seconds
Refreshing native plugins compatible for Editor in 3.13 ms, found 4 plugins.
Native extension for UWP target not found
Native extension for LinuxStandalone target not found
Native extension for WindowsStandalone target not found
Native extension for AppleTV target not found
Failed to load: D:/Unity/Editors/2022.3.37f1/Editor/Data/PlaybackEngines/VisionOSPlayer\x64\UnityEditor.VisionOS.Native.dll
Native extension for VisionOS target not found
Native extension for iOS target not found
Native extension for Android target not found
Native extension for OSXStandalone target not found
Native extension for WebGL target not found
[Package Manager] Server::EnsureServerProcessIsRunning -- launch failed, reason: Unity was launched with the -noUpm command-line argument
[Package Manager] UpmClient::Send -- Unable to send message (not connected to UPM process).
[Package Manager] Cannot connect to Unity Package Manager local server
Mono: successfully reloaded assembly
- Finished resetting the current domain, in  0.847 seconds
Domain Reload Profiling: 1214ms
	BeginReloadAssembly (127ms)
		ExecutionOrderSort (0ms)
		DisableScriptedObjects (8ms)
		BackupInstance (0ms)
		ReleaseScriptingObjects (0ms)
		CreateAndSetChildDomain (35ms)
	RebuildCommonClasses (23ms)
	RebuildNativeTypeToScriptingClass (8ms)
	initialDomainReloadingComplete (21ms)
	LoadAllAssembliesAndSetupDomain (186ms)
		LoadAssemblies (235ms)
		RebuildTransferFunctionScriptingTraits (0ms)
		AnalyzeDomain (11ms)
			TypeCache.Refresh (5ms)
				TypeCache.ScanAssembly (0ms)
			ScanForSourceGeneratedMonoScriptInfo (0ms)
			ResolveRequiredComponents (5ms)
	FinalizeReload (847ms)
		ReleaseScriptCaches (0ms)
		RebuildScriptCaches (0ms)
		SetupLoadedEditorAssemblies (425ms)
			LogAssemblyErrors (0ms)
			InitializePlatformSupportModulesInManaged (37ms)
			SetLoadedEditorAssemblies (3ms)
			RefreshPlugins (0ms)
			BeforeProcessingInitializeOnLoad (61ms)
			ProcessInitializeOnLoadAttributes (295ms)
			ProcessInitializeOnLoadMethodAttributes (27ms)
			AfterProcessingInitializeOnLoad (3ms)
			EditorAssembliesLoaded (0ms)
		ExecutionOrderSort2 (0ms)
		AwakeInstancesAfterBackupRestoration (10ms)
Refreshing native plugins compatible for Editor in 3.79 ms, found 4 plugins.
Preloading 0 native plugins for Editor in 0.00 ms.
Unloading 4068 Unused Serialized files (Serialized files now loaded: 0)
Unloading 43 unused Assets / (38.8 KB). Loaded Objects now: 4569.
Memory consumption went from 145.9 MB to 145.9 MB.
Total: 3.135100 ms (FindLiveObjects: 0.304500 ms CreateObjectMapping: 0.218000 ms MarkObjects: 2.540900 ms  DeleteObjects: 0.070900 ms)

Prepare: number of updated asset objects reloaded= 0
AssetImportParameters requested are different than current active one (requested -> active):
  custom:scripting/monoscript/fileName/Hud.cs: 3f613027fc63bf38f5a0c37d8874ee72 -> 
  custom:scripting/monoscript/fileName/UIParticleSystem.cs: f2032cc42c92df1f74c30ddf20d1edd6 -> 
  custom:container-demuxer-ogg: 62fdf1f143b41e24485cea50d1cbac27 -> 
  custom:scripting/monoscript/fileName/QuizLevel.cs: c4a892a335b7b84b476bf729addc86ae -> 4d603538b12c3621a34fb9fb33b036cc
  custom:scripting/monoscript/fileName/QuizQuestion.cs: 216181715a7b8be7765cde7f42b1d90f -> d94d1239b4bdb2cc8f926a69483f4cb4
  custom:video-decoder-ogg-theora: a1e56fd34408186e4bbccfd4996cb3dc -> 
  custom:framework-win-MediaFoundation: 216162199b28c13a410421893ffa2e32 -> 
  custom:scripting/monoscript/fileName/DOTweenInitializer.cs: 8e2cca5921a9b80cf33deea7940e5e4f -> 
  custom:scripting/monoscript/fileName/LevelManager.cs: f244a9524e679832f23f3fa7f91df5a5 -> 64e85ca0c67720aad0a2175177ff3eee
  custom:scripting/monoscript/fileName/Token.cs: eaaf38c2d587e5e76126b9ad860e251e -> 
  custom:scripting/monoscript/fileName/LevelButton.cs: 4da5bfbb2fb1e2738c5bd619a1adece5 -> b434bbac274fdfda2ff564593a03bbb9
  custom:CustomObjectIndexerAttribute: 9a22284fe3817be447336de3de66b15e -> 
  custom:container-demuxer-webm: 4f35f7cbe854078d1ac9338744f61a02 -> 
  custom:scripting/monoscript/fileName/RankAchievementsController.cs: 3cda00d22909278ae2f36a1671ebe093 -> 70af8ae6b5d1b3ed919378cb4258070d
  custom:scripting/monoscript/fileName/MainCameraMowemant.cs: a8899ae28a39af31656bbf00666fedaa -> 
  custom:scripting/monoscript/fileName/SettingPanel.cs: 9886d269b1477f3aee4483b06c921c55 -> 23906421fb342a1f53a99de0c5947e7b
  custom:container-muxer-webm: aa71ff27fc2769a1b78a27578f13a17b -> 
  custom:scripting/monoscript/fileName/PanelBlueSky.cs: 6e49e0693c0bbaeed5d2ad7c69c366f3 -> 
  custom:scripting/monoscript/fileName/LevelParameters.cs: 1ab313d196c3a0c35b85ddf12a679ed7 -> 
  custom:scripting/monoscript/fileName/LevelState.cs: cc670ad5cf6736d0894caca50f8513d4 -> 49477e9094210c0c540f6bf588b801a4
  custom:video-decoder-webm-vp8: 9c59270c3fd7afecdb556c50c9e8de78 -> 
  custom:SearchIndexIgnoredProperties: e643bd26f0fe6173181afceb89e7c659 -> 
  custom:AudioImporter_EditorPlatform: d09bf68614088b80899f8185d706f6e7 -> 
  custom:scripting/monoscript/fileName/StartPanel.cs: a4808055277a3c414872a927656a737b -> c259f80b255e5f3dc4577d005af09e50
  custom:scripting/monoscript/fileName/PanelControlBlueSky.cs: 4372aafdd06fd07a846c1988e16d42fb -> 
  custom:scripting/monoscript/fileName/Controller.cs: 9ac834cf3508dd1b6236017959eb9876 -> 
  custom:scripting/monoscript/fileName/DataStore.cs: bcb57d0f6ce1b69b5e705ca75b4f2903 -> 
  custom:video-encoder-webm-vp8: eb34c28f22e8b96e1ab97ce403110664 -> 
  custom:scripting/monoscript/fileName/TutorialPanel.cs: afc68be299170ca6b0629c3822839884 -> 6d857e2d74239cb2977ab602ad26b2f6
  custom:audio-decoder-ogg-vorbis: bf7c407c2cedff20999df2af8eb42d56 -> 
  custom:scripting/monoscript/fileName/PopupAnimation.cs: d622ef3e1efb31614179a85dfdaaa2c8 -> a5f58fca68809c512ff619983394f4f2
  custom:scripting/monoscript/fileName/Audio.cs: fce2c3646fd5a5fb136f4e093ff161a0 -> 
  custom:scripting/monoscript/fileName/Score.cs: 571ceaabfa11895c7a7212f0a37dba86 -> 
  custom:scripting/monoscript/fileName/Field.cs: 754baad824181aa766edb1f46aaf9467 -> 
  custom:scripting/monoscript/fileName/QuizController.cs: 2f1183ae927fe3aac0007700e7fc1fb0 -> 4d9bc6184856e9abac37a37d39c6b286
  custom:audio-encoder-webm-vorbis: bf7c407c2cedff20999df2af8eb42d56 -> 
  custom:scripting/monoscript/fileName/TravelMap.cs: 05f07abb596d0adf5b4de719ef58b396 -> 4dae51c169d5fffc7f168ece56a260e8
  custom:scripting/monoscript/fileName/PanelUserName.cs: 2662b4f7089f6e423a0fa91b2b8d0f9c -> 60a2534041db89af6dfa84eb10ae6c08
========================================================================
Received Prepare
Begin MonoManager ReloadAssembly
Symbol file LoadedFromMemory is not a mono symbol file
- Loaded All Assemblies, in  0.379 seconds
Refreshing native plugins compatible for Editor in 3.86 ms, found 4 plugins.
Native extension for UWP target not found
Native extension for LinuxStandalone target not found
Native extension for WindowsStandalone target not found
Native extension for AppleTV target not found
Failed to load: D:/Unity/Editors/2022.3.37f1/Editor/Data/PlaybackEngines/VisionOSPlayer\x64\UnityEditor.VisionOS.Native.dll
Native extension for VisionOS target not found
Native extension for iOS target not found
Native extension for Android target not found
Native extension for OSXStandalone target not found
Native extension for WebGL target not found
[Package Manager] Server::EnsureServerProcessIsRunning -- launch failed, reason: Unity was launched with the -noUpm command-line argument
[Package Manager] UpmClient::Send -- Unable to send message (not connected to UPM process).
[Package Manager] Cannot connect to Unity Package Manager local server
Mono: successfully reloaded assembly
- Finished resetting the current domain, in  0.842 seconds
Domain Reload Profiling: 1220ms
	BeginReloadAssembly (138ms)
		ExecutionOrderSort (0ms)
		DisableScriptedObjects (9ms)
		BackupInstance (0ms)
		ReleaseScriptingObjects (0ms)
		CreateAndSetChildDomain (35ms)
	RebuildCommonClasses (25ms)
	RebuildNativeTypeToScriptingClass (8ms)
	initialDomainReloadingComplete (20ms)
	LoadAllAssembliesAndSetupDomain (187ms)
		LoadAssemblies (245ms)
		RebuildTransferFunctionScriptingTraits (0ms)
		AnalyzeDomain (11ms)
			TypeCache.Refresh (5ms)
				TypeCache.ScanAssembly (0ms)
			ScanForSourceGeneratedMonoScriptInfo (0ms)
			ResolveRequiredComponents (5ms)
	FinalizeReload (842ms)
		ReleaseScriptCaches (0ms)
		RebuildScriptCaches (0ms)
		SetupLoadedEditorAssemblies (425ms)
			LogAssemblyErrors (0ms)
			InitializePlatformSupportModulesInManaged (38ms)
			SetLoadedEditorAssemblies (3ms)
			RefreshPlugins (0ms)
			BeforeProcessingInitializeOnLoad (58ms)
			ProcessInitializeOnLoadAttributes (296ms)
			ProcessInitializeOnLoadMethodAttributes (28ms)
			AfterProcessingInitializeOnLoad (2ms)
			EditorAssembliesLoaded (0ms)
		ExecutionOrderSort2 (0ms)
		AwakeInstancesAfterBackupRestoration (12ms)
Refreshing native plugins compatible for Editor in 3.71 ms, found 4 plugins.
Preloading 0 native plugins for Editor in 0.00 ms.
Unloading 4069 Unused Serialized files (Serialized files now loaded: 0)
Unloading 43 unused Assets / (37.9 KB). Loaded Objects now: 4573.
Memory consumption went from 146.1 MB to 146.1 MB.
Total: 3.411300 ms (FindLiveObjects: 0.300500 ms CreateObjectMapping: 0.191300 ms MarkObjects: 2.856000 ms  DeleteObjects: 0.062700 ms)

Prepare: number of updated asset objects reloaded= 0
AssetImportParameters requested are different than current active one (requested -> active):
  custom:scripting/monoscript/fileName/Hud.cs: 3f613027fc63bf38f5a0c37d8874ee72 -> 
  custom:scripting/monoscript/fileName/UIParticleSystem.cs: f2032cc42c92df1f74c30ddf20d1edd6 -> 
  custom:container-demuxer-ogg: 62fdf1f143b41e24485cea50d1cbac27 -> 
  custom:scripting/monoscript/fileName/QuizLevel.cs: c4a892a335b7b84b476bf729addc86ae -> 4d603538b12c3621a34fb9fb33b036cc
  custom:scripting/monoscript/fileName/QuizQuestion.cs: 216181715a7b8be7765cde7f42b1d90f -> d94d1239b4bdb2cc8f926a69483f4cb4
  custom:video-decoder-ogg-theora: a1e56fd34408186e4bbccfd4996cb3dc -> 
  custom:framework-win-MediaFoundation: 216162199b28c13a410421893ffa2e32 -> 
  custom:scripting/monoscript/fileName/DOTweenInitializer.cs: 8e2cca5921a9b80cf33deea7940e5e4f -> 
  custom:scripting/monoscript/fileName/LevelManager.cs: f244a9524e679832f23f3fa7f91df5a5 -> 64e85ca0c67720aad0a2175177ff3eee
  custom:scripting/monoscript/fileName/Token.cs: eaaf38c2d587e5e76126b9ad860e251e -> 
  custom:scripting/monoscript/fileName/LevelButton.cs: 4da5bfbb2fb1e2738c5bd619a1adece5 -> b434bbac274fdfda2ff564593a03bbb9
  custom:CustomObjectIndexerAttribute: 9a22284fe3817be447336de3de66b15e -> 
  custom:container-demuxer-webm: 4f35f7cbe854078d1ac9338744f61a02 -> 
  custom:scripting/monoscript/fileName/RankAchievementsController.cs: 3cda00d22909278ae2f36a1671ebe093 -> 70af8ae6b5d1b3ed919378cb4258070d
  custom:scripting/monoscript/fileName/MainCameraMowemant.cs: a8899ae28a39af31656bbf00666fedaa -> 
  custom:scripting/monoscript/fileName/SettingPanel.cs: 9886d269b1477f3aee4483b06c921c55 -> 23906421fb342a1f53a99de0c5947e7b
  custom:container-muxer-webm: aa71ff27fc2769a1b78a27578f13a17b -> 
  custom:scripting/monoscript/fileName/PanelBlueSky.cs: 6e49e0693c0bbaeed5d2ad7c69c366f3 -> 
  custom:scripting/monoscript/fileName/LevelParameters.cs: 1ab313d196c3a0c35b85ddf12a679ed7 -> 
  custom:scripting/monoscript/fileName/LevelState.cs: cc670ad5cf6736d0894caca50f8513d4 -> 49477e9094210c0c540f6bf588b801a4
  custom:video-decoder-webm-vp8: 9c59270c3fd7afecdb556c50c9e8de78 -> 
  custom:SearchIndexIgnoredProperties: e643bd26f0fe6173181afceb89e7c659 -> 
  custom:AudioImporter_EditorPlatform: d09bf68614088b80899f8185d706f6e7 -> 
  custom:scripting/monoscript/fileName/StartPanel.cs: a4808055277a3c414872a927656a737b -> c259f80b255e5f3dc4577d005af09e50
  custom:scripting/monoscript/fileName/PanelControlBlueSky.cs: 4372aafdd06fd07a846c1988e16d42fb -> 
  custom:scripting/monoscript/fileName/Controller.cs: 9ac834cf3508dd1b6236017959eb9876 -> 
  custom:scripting/monoscript/fileName/DataStore.cs: bcb57d0f6ce1b69b5e705ca75b4f2903 -> 
  custom:video-encoder-webm-vp8: eb34c28f22e8b96e1ab97ce403110664 -> 
  custom:scripting/monoscript/fileName/TutorialPanel.cs: afc68be299170ca6b0629c3822839884 -> 6d857e2d74239cb2977ab602ad26b2f6
  custom:audio-decoder-ogg-vorbis: bf7c407c2cedff20999df2af8eb42d56 -> 
  custom:scripting/monoscript/fileName/PopupAnimation.cs: d622ef3e1efb31614179a85dfdaaa2c8 -> a5f58fca68809c512ff619983394f4f2
  custom:scripting/monoscript/fileName/Audio.cs: fce2c3646fd5a5fb136f4e093ff161a0 -> 
  custom:scripting/monoscript/fileName/Score.cs: 571ceaabfa11895c7a7212f0a37dba86 -> 
  custom:scripting/monoscript/fileName/Field.cs: 754baad824181aa766edb1f46aaf9467 -> 
  custom:scripting/monoscript/fileName/QuizController.cs: 2f1183ae927fe3aac0007700e7fc1fb0 -> 4d9bc6184856e9abac37a37d39c6b286
  custom:audio-encoder-webm-vorbis: bf7c407c2cedff20999df2af8eb42d56 -> 
  custom:scripting/monoscript/fileName/TravelMap.cs: 05f07abb596d0adf5b4de719ef58b396 -> 4dae51c169d5fffc7f168ece56a260e8
  custom:scripting/monoscript/fileName/PanelUserName.cs: 2662b4f7089f6e423a0fa91b2b8d0f9c -> 60a2534041db89af6dfa84eb10ae6c08
========================================================================
Received Prepare
Begin MonoManager ReloadAssembly
Symbol file LoadedFromMemory is not a mono symbol file
- Loaded All Assemblies, in  0.383 seconds
Refreshing native plugins compatible for Editor in 3.22 ms, found 4 plugins.
Native extension for UWP target not found
Native extension for LinuxStandalone target not found
Native extension for WindowsStandalone target not found
Native extension for AppleTV target not found
Failed to load: D:/Unity/Editors/2022.3.37f1/Editor/Data/PlaybackEngines/VisionOSPlayer\x64\UnityEditor.VisionOS.Native.dll
Native extension for VisionOS target not found
Native extension for iOS target not found
Native extension for Android target not found
Native extension for OSXStandalone target not found
Native extension for WebGL target not found
[Package Manager] Server::EnsureServerProcessIsRunning -- launch failed, reason: Unity was launched with the -noUpm command-line argument
[Package Manager] UpmClient::Send -- Unable to send message (not connected to UPM process).
[Package Manager] Cannot connect to Unity Package Manager local server
Mono: successfully reloaded assembly
- Finished resetting the current domain, in  0.846 seconds
Domain Reload Profiling: 1228ms
	BeginReloadAssembly (132ms)
		ExecutionOrderSort (0ms)
		DisableScriptedObjects (9ms)
		BackupInstance (0ms)
		ReleaseScriptingObjects (0ms)
		CreateAndSetChildDomain (37ms)
	RebuildCommonClasses (23ms)
	RebuildNativeTypeToScriptingClass (9ms)
	initialDomainReloadingComplete (21ms)
	LoadAllAssembliesAndSetupDomain (197ms)
		LoadAssemblies (249ms)
		RebuildTransferFunctionScriptingTraits (0ms)
		AnalyzeDomain (11ms)
			TypeCache.Refresh (6ms)
				TypeCache.ScanAssembly (0ms)
			ScanForSourceGeneratedMonoScriptInfo (0ms)
			ResolveRequiredComponents (4ms)
	FinalizeReload (846ms)
		ReleaseScriptCaches (0ms)
		RebuildScriptCaches (0ms)
		SetupLoadedEditorAssemblies (426ms)
			LogAssemblyErrors (0ms)
			InitializePlatformSupportModulesInManaged (38ms)
			SetLoadedEditorAssemblies (3ms)
			RefreshPlugins (0ms)
			BeforeProcessingInitializeOnLoad (58ms)
			ProcessInitializeOnLoadAttributes (297ms)
			ProcessInitializeOnLoadMethodAttributes (27ms)
			AfterProcessingInitializeOnLoad (3ms)
			EditorAssembliesLoaded (0ms)
		ExecutionOrderSort2 (0ms)
		AwakeInstancesAfterBackupRestoration (11ms)
Refreshing native plugins compatible for Editor in 3.92 ms, found 4 plugins.
Preloading 0 native plugins for Editor in 0.00 ms.
Unloading 4069 Unused Serialized files (Serialized files now loaded: 0)
Unloading 43 unused Assets / (37.8 KB). Loaded Objects now: 4577.
Memory consumption went from 146.2 MB to 146.1 MB.
Total: 3.187000 ms (FindLiveObjects: 0.349700 ms CreateObjectMapping: 0.213200 ms MarkObjects: 2.564900 ms  DeleteObjects: 0.058300 ms)

Prepare: number of updated asset objects reloaded= 0
AssetImportParameters requested are different than current active one (requested -> active):
  custom:scripting/monoscript/fileName/Hud.cs: 3f613027fc63bf38f5a0c37d8874ee72 -> 
  custom:scripting/monoscript/fileName/UIParticleSystem.cs: f2032cc42c92df1f74c30ddf20d1edd6 -> 
  custom:container-demuxer-ogg: 62fdf1f143b41e24485cea50d1cbac27 -> 
  custom:scripting/monoscript/fileName/QuizLevel.cs: c4a892a335b7b84b476bf729addc86ae -> 4d603538b12c3621a34fb9fb33b036cc
  custom:scripting/monoscript/fileName/QuizQuestion.cs: 216181715a7b8be7765cde7f42b1d90f -> d94d1239b4bdb2cc8f926a69483f4cb4
  custom:video-decoder-ogg-theora: a1e56fd34408186e4bbccfd4996cb3dc -> 
  custom:framework-win-MediaFoundation: 216162199b28c13a410421893ffa2e32 -> 
  custom:scripting/monoscript/fileName/DOTweenInitializer.cs: 8e2cca5921a9b80cf33deea7940e5e4f -> 
  custom:scripting/monoscript/fileName/LevelManager.cs: f244a9524e679832f23f3fa7f91df5a5 -> 64e85ca0c67720aad0a2175177ff3eee
  custom:scripting/monoscript/fileName/Token.cs: eaaf38c2d587e5e76126b9ad860e251e -> 
  custom:scripting/monoscript/fileName/LevelButton.cs: 4da5bfbb2fb1e2738c5bd619a1adece5 -> b434bbac274fdfda2ff564593a03bbb9
  custom:CustomObjectIndexerAttribute: 9a22284fe3817be447336de3de66b15e -> 
  custom:container-demuxer-webm: 4f35f7cbe854078d1ac9338744f61a02 -> 
  custom:scripting/monoscript/fileName/RankAchievementsController.cs: 3cda00d22909278ae2f36a1671ebe093 -> 70af8ae6b5d1b3ed919378cb4258070d
  custom:scripting/monoscript/fileName/MainCameraMowemant.cs: a8899ae28a39af31656bbf00666fedaa -> 
  custom:scripting/monoscript/fileName/SettingPanel.cs: 9886d269b1477f3aee4483b06c921c55 -> 23906421fb342a1f53a99de0c5947e7b
  custom:container-muxer-webm: aa71ff27fc2769a1b78a27578f13a17b -> 
  custom:scripting/monoscript/fileName/PanelBlueSky.cs: 6e49e0693c0bbaeed5d2ad7c69c366f3 -> 
  custom:scripting/monoscript/fileName/LevelParameters.cs: 1ab313d196c3a0c35b85ddf12a679ed7 -> 
  custom:scripting/monoscript/fileName/LevelState.cs: cc670ad5cf6736d0894caca50f8513d4 -> 49477e9094210c0c540f6bf588b801a4
  custom:video-decoder-webm-vp8: 9c59270c3fd7afecdb556c50c9e8de78 -> 
  custom:SearchIndexIgnoredProperties: e643bd26f0fe6173181afceb89e7c659 -> 
  custom:AudioImporter_EditorPlatform: d09bf68614088b80899f8185d706f6e7 -> 
  custom:scripting/monoscript/fileName/StartPanel.cs: a4808055277a3c414872a927656a737b -> c259f80b255e5f3dc4577d005af09e50
  custom:scripting/monoscript/fileName/PanelControlBlueSky.cs: 4372aafdd06fd07a846c1988e16d42fb -> 
  custom:scripting/monoscript/fileName/Controller.cs: 9ac834cf3508dd1b6236017959eb9876 -> 
  custom:scripting/monoscript/fileName/DataStore.cs: bcb57d0f6ce1b69b5e705ca75b4f2903 -> 
  custom:video-encoder-webm-vp8: eb34c28f22e8b96e1ab97ce403110664 -> 
  custom:scripting/monoscript/fileName/TutorialPanel.cs: afc68be299170ca6b0629c3822839884 -> 6d857e2d74239cb2977ab602ad26b2f6
  custom:audio-decoder-ogg-vorbis: bf7c407c2cedff20999df2af8eb42d56 -> 
  custom:scripting/monoscript/fileName/PopupAnimation.cs: d622ef3e1efb31614179a85dfdaaa2c8 -> a5f58fca68809c512ff619983394f4f2
  custom:scripting/monoscript/fileName/Audio.cs: fce2c3646fd5a5fb136f4e093ff161a0 -> 
  custom:scripting/monoscript/fileName/Score.cs: 571ceaabfa11895c7a7212f0a37dba86 -> 
  custom:scripting/monoscript/fileName/Field.cs: 754baad824181aa766edb1f46aaf9467 -> 
  custom:scripting/monoscript/fileName/QuizController.cs: 2f1183ae927fe3aac0007700e7fc1fb0 -> 4d9bc6184856e9abac37a37d39c6b286
  custom:audio-encoder-webm-vorbis: bf7c407c2cedff20999df2af8eb42d56 -> 
  custom:scripting/monoscript/fileName/TravelMap.cs: 05f07abb596d0adf5b4de719ef58b396 -> 4dae51c169d5fffc7f168ece56a260e8
  custom:scripting/monoscript/fileName/PanelUserName.cs: 2662b4f7089f6e423a0fa91b2b8d0f9c -> 60a2534041db89af6dfa84eb10ae6c08
========================================================================
Received Prepare
Begin MonoManager ReloadAssembly
Symbol file LoadedFromMemory is not a mono symbol file
- Loaded All Assemblies, in  0.383 seconds
Refreshing native plugins compatible for Editor in 4.82 ms, found 4 plugins.
Native extension for UWP target not found
Native extension for LinuxStandalone target not found
Native extension for WindowsStandalone target not found
Native extension for AppleTV target not found
Failed to load: D:/Unity/Editors/2022.3.37f1/Editor/Data/PlaybackEngines/VisionOSPlayer\x64\UnityEditor.VisionOS.Native.dll
Native extension for VisionOS target not found
Native extension for iOS target not found
Native extension for Android target not found
Native extension for OSXStandalone target not found
Native extension for WebGL target not found
[Package Manager] Server::EnsureServerProcessIsRunning -- launch failed, reason: Unity was launched with the -noUpm command-line argument
[Package Manager] UpmClient::Send -- Unable to send message (not connected to UPM process).
[Package Manager] Cannot connect to Unity Package Manager local server
Mono: successfully reloaded assembly
- Finished resetting the current domain, in  0.844 seconds
Domain Reload Profiling: 1226ms
	BeginReloadAssembly (137ms)
		ExecutionOrderSort (0ms)
		DisableScriptedObjects (9ms)
		BackupInstance (0ms)
		ReleaseScriptingObjects (0ms)
		CreateAndSetChildDomain (36ms)
	RebuildCommonClasses (23ms)
	RebuildNativeTypeToScriptingClass (9ms)
	initialDomainReloadingComplete (24ms)
	LoadAllAssembliesAndSetupDomain (189ms)
		LoadAssemblies (248ms)
		RebuildTransferFunctionScriptingTraits (0ms)
		AnalyzeDomain (10ms)
			TypeCache.Refresh (5ms)
				TypeCache.ScanAssembly (0ms)
			ScanForSourceGeneratedMonoScriptInfo (0ms)
			ResolveRequiredComponents (4ms)
	FinalizeReload (844ms)
		ReleaseScriptCaches (0ms)
		RebuildScriptCaches (0ms)
		SetupLoadedEditorAssemblies (437ms)
			LogAssemblyErrors (0ms)
			InitializePlatformSupportModulesInManaged (38ms)
			SetLoadedEditorAssemblies (4ms)
			RefreshPlugins (0ms)
			BeforeProcessingInitializeOnLoad (61ms)
			ProcessInitializeOnLoadAttributes (304ms)
			ProcessInitializeOnLoadMethodAttributes (28ms)
			AfterProcessingInitializeOnLoad (3ms)
			EditorAssembliesLoaded (0ms)
		ExecutionOrderSort2 (0ms)
		AwakeInstancesAfterBackupRestoration (11ms)
Refreshing native plugins compatible for Editor in 2.92 ms, found 4 plugins.
Preloading 0 native plugins for Editor in 0.00 ms.
Unloading 4069 Unused Serialized files (Serialized files now loaded: 0)
Unloading 43 unused Assets / (38.8 KB). Loaded Objects now: 4581.
Memory consumption went from 146.2 MB to 146.1 MB.
Total: 3.155900 ms (FindLiveObjects: 0.286400 ms CreateObjectMapping: 0.169000 ms MarkObjects: 2.640200 ms  DeleteObjects: 0.059500 ms)

Prepare: number of updated asset objects reloaded= 0
AssetImportParameters requested are different than current active one (requested -> active):
  custom:scripting/monoscript/fileName/Hud.cs: 3f613027fc63bf38f5a0c37d8874ee72 -> 
  custom:scripting/monoscript/fileName/UIParticleSystem.cs: f2032cc42c92df1f74c30ddf20d1edd6 -> 
  custom:container-demuxer-ogg: 62fdf1f143b41e24485cea50d1cbac27 -> 
  custom:scripting/monoscript/fileName/QuizLevel.cs: c4a892a335b7b84b476bf729addc86ae -> 4d603538b12c3621a34fb9fb33b036cc
  custom:scripting/monoscript/fileName/QuizQuestion.cs: 216181715a7b8be7765cde7f42b1d90f -> d94d1239b4bdb2cc8f926a69483f4cb4
  custom:video-decoder-ogg-theora: a1e56fd34408186e4bbccfd4996cb3dc -> 
  custom:framework-win-MediaFoundation: 216162199b28c13a410421893ffa2e32 -> 
  custom:scripting/monoscript/fileName/DOTweenInitializer.cs: 8e2cca5921a9b80cf33deea7940e5e4f -> 
  custom:scripting/monoscript/fileName/LevelManager.cs: f244a9524e679832f23f3fa7f91df5a5 -> 64e85ca0c67720aad0a2175177ff3eee
  custom:scripting/monoscript/fileName/Token.cs: eaaf38c2d587e5e76126b9ad860e251e -> 
  custom:scripting/monoscript/fileName/LevelButton.cs: 4da5bfbb2fb1e2738c5bd619a1adece5 -> b434bbac274fdfda2ff564593a03bbb9
  custom:CustomObjectIndexerAttribute: 9a22284fe3817be447336de3de66b15e -> 
  custom:container-demuxer-webm: 4f35f7cbe854078d1ac9338744f61a02 -> 
  custom:scripting/monoscript/fileName/RankAchievementsController.cs: 3cda00d22909278ae2f36a1671ebe093 -> 70af8ae6b5d1b3ed919378cb4258070d
  custom:scripting/monoscript/fileName/MainCameraMowemant.cs: a8899ae28a39af31656bbf00666fedaa -> 
  custom:scripting/monoscript/fileName/SettingPanel.cs: 9886d269b1477f3aee4483b06c921c55 -> 23906421fb342a1f53a99de0c5947e7b
  custom:container-muxer-webm: aa71ff27fc2769a1b78a27578f13a17b -> 
  custom:scripting/monoscript/fileName/PanelBlueSky.cs: 6e49e0693c0bbaeed5d2ad7c69c366f3 -> 
  custom:scripting/monoscript/fileName/LevelParameters.cs: 1ab313d196c3a0c35b85ddf12a679ed7 -> 
  custom:scripting/monoscript/fileName/LevelState.cs: cc670ad5cf6736d0894caca50f8513d4 -> 49477e9094210c0c540f6bf588b801a4
  custom:video-decoder-webm-vp8: 9c59270c3fd7afecdb556c50c9e8de78 -> 
  custom:SearchIndexIgnoredProperties: e643bd26f0fe6173181afceb89e7c659 -> 
  custom:AudioImporter_EditorPlatform: d09bf68614088b80899f8185d706f6e7 -> 
  custom:scripting/monoscript/fileName/StartPanel.cs: a4808055277a3c414872a927656a737b -> c259f80b255e5f3dc4577d005af09e50
  custom:scripting/monoscript/fileName/PanelControlBlueSky.cs: 4372aafdd06fd07a846c1988e16d42fb -> 
  custom:scripting/monoscript/fileName/Controller.cs: 9ac834cf3508dd1b6236017959eb9876 -> 
  custom:scripting/monoscript/fileName/DataStore.cs: bcb57d0f6ce1b69b5e705ca75b4f2903 -> 
  custom:video-encoder-webm-vp8: eb34c28f22e8b96e1ab97ce403110664 -> 
  custom:scripting/monoscript/fileName/TutorialPanel.cs: afc68be299170ca6b0629c3822839884 -> 6d857e2d74239cb2977ab602ad26b2f6
  custom:audio-decoder-ogg-vorbis: bf7c407c2cedff20999df2af8eb42d56 -> 
  custom:scripting/monoscript/fileName/PopupAnimation.cs: d622ef3e1efb31614179a85dfdaaa2c8 -> a5f58fca68809c512ff619983394f4f2
  custom:scripting/monoscript/fileName/Audio.cs: fce2c3646fd5a5fb136f4e093ff161a0 -> 
  custom:scripting/monoscript/fileName/Score.cs: 571ceaabfa11895c7a7212f0a37dba86 -> 
  custom:scripting/monoscript/fileName/Field.cs: 754baad824181aa766edb1f46aaf9467 -> 
  custom:scripting/monoscript/fileName/QuizController.cs: 2f1183ae927fe3aac0007700e7fc1fb0 -> 4d9bc6184856e9abac37a37d39c6b286
  custom:audio-encoder-webm-vorbis: bf7c407c2cedff20999df2af8eb42d56 -> 
  custom:scripting/monoscript/fileName/TravelMap.cs: 05f07abb596d0adf5b4de719ef58b396 -> 4dae51c169d5fffc7f168ece56a260e8
  custom:scripting/monoscript/fileName/PanelUserName.cs: 2662b4f7089f6e423a0fa91b2b8d0f9c -> 60a2534041db89af6dfa84eb10ae6c08
