Using pre-set license
Built from '2022.3/staging' branch; Version is '2022.3.37f1 (340ba89e4c23) revision 3410856'; Using compiler version '192829333'; Build Type 'Release'
OS: 'Windows 10  (10.0.19045) 64bit Professional' Language: 'uk' Physical Memory: 16288 MB
BatchMode: 1, IsHumanControllingUs: 0, StartBugReporterOnCrash: 0, Is64bit: 1, IsPro: 1

COMMAND LINE ARGUMENTS:
D:\Unity\Editors\2022.3.37f1\Editor\Unity.exe
-adb2
-batchMode
-noUpm
-name
AssetImportWorker7
-projectPath
D:/SoftTeam/Repozitories/MyProject_6_PastPresent/PastPresentThe HistoryChallenge
-logFile
Logs/AssetImportWorker7.log
-srvPort
53091
Successfully changed project path to: D:/SoftTeam/Repozitories/MyProject_6_PastPresent/PastPresentThe HistoryChallenge
D:/SoftTeam/Repozitories/MyProject_6_PastPresent/PastPresentThe HistoryChallenge
[UnityMemory] Configuration Parameters - Can be set up in boot.config
    "memorysetup-bucket-allocator-granularity=16"
    "memorysetup-bucket-allocator-bucket-count=8"
    "memorysetup-bucket-allocator-block-size=33554432"
    "memorysetup-bucket-allocator-block-count=8"
    "memorysetup-main-allocator-block-size=16777216"
    "memorysetup-thread-allocator-block-size=16777216"
    "memorysetup-gfx-main-allocator-block-size=16777216"
    "memorysetup-gfx-thread-allocator-block-size=16777216"
    "memorysetup-cache-allocator-block-size=4194304"
    "memorysetup-typetree-allocator-block-size=2097152"
    "memorysetup-profiler-bucket-allocator-granularity=16"
    "memorysetup-profiler-bucket-allocator-bucket-count=8"
    "memorysetup-profiler-bucket-allocator-block-size=33554432"
    "memorysetup-profiler-bucket-allocator-block-count=8"
    "memorysetup-profiler-allocator-block-size=16777216"
    "memorysetup-profiler-editor-allocator-block-size=1048576"
    "memorysetup-temp-allocator-size-main=16777216"
    "memorysetup-job-temp-allocator-block-size=2097152"
    "memorysetup-job-temp-allocator-block-size-background=1048576"
    "memorysetup-job-temp-allocator-reduction-small-platforms=262144"
    "memorysetup-allocator-temp-initial-block-size-main=262144"
    "memorysetup-allocator-temp-initial-block-size-worker=262144"
    "memorysetup-temp-allocator-size-background-worker=32768"
    "memorysetup-temp-allocator-size-job-worker=262144"
    "memorysetup-temp-allocator-size-preload-manager=33554432"
    "memorysetup-temp-allocator-size-nav-mesh-worker=65536"
    "memorysetup-temp-allocator-size-audio-worker=65536"
    "memorysetup-temp-allocator-size-cloud-worker=32768"
    "memorysetup-temp-allocator-size-gi-baking-worker=262144"
    "memorysetup-temp-allocator-size-gfx=262144"
Player connection [31508] Host "[IP] 192.168.1.105 [Port] 0 [Flags] 2 [Guid] 3415047173 [EditorId] 3415047173 [Version] 1048832 [Id] WindowsEditor(7,DESKTOP-M5RIVGM) [Debug] 1 [PackageName] WindowsEditor [ProjectName] Editor" joined multi-casting on [225.0.0.222:54997]...

Player connection [31508] Host "[IP] 192.168.1.105 [Port] 0 [Flags] 2 [Guid] 3415047173 [EditorId] 3415047173 [Version] 1048832 [Id] WindowsEditor(7,DESKTOP-M5RIVGM) [Debug] 1 [PackageName] WindowsEditor [ProjectName] Editor" joined alternative multi-casting on [225.0.0.222:34997]...

[PhysX] Initialized MultithreadedTaskDispatcher with 16 workers.
Refreshing native plugins compatible for Editor in 9.18 ms, found 4 plugins.
Preloading 0 native plugins for Editor in 0.00 ms.
Initialize engine version: 2022.3.37f1 (340ba89e4c23)
[Subsystems] Discovering subsystems at path D:/Unity/Editors/2022.3.37f1/Editor/Data/Resources/UnitySubsystems
[Subsystems] Discovering subsystems at path D:/SoftTeam/Repozitories/MyProject_6_PastPresent/PastPresentThe HistoryChallenge/Assets
GfxDevice: creating device client; threaded=0; jobified=0
Direct3D:
    Version:  Direct3D 11.0 [level 11.1]
    Renderer: NVIDIA GeForce RTX 3070 (ID=0x2488)
    Vendor:   NVIDIA
    VRAM:     8018 MB
    Driver:   32.0.15.6636
Initialize mono
Mono path[0] = 'D:/Unity/Editors/2022.3.37f1/Editor/Data/Managed'
Mono path[1] = 'D:/Unity/Editors/2022.3.37f1/Editor/Data/MonoBleedingEdge/lib/mono/unityjit-win32'
Mono config path = 'D:/Unity/Editors/2022.3.37f1/Editor/Data/MonoBleedingEdge/etc'
Using monoOptions --debugger-agent=transport=dt_socket,embedding=1,server=y,suspend=n,address=127.0.0.1:56052
Begin MonoManager ReloadAssembly
Registering precompiled unity dll's ...
Register platform support module: D:/Unity/Editors/2022.3.37f1/Editor/Data/PlaybackEngines/WebGLSupport/UnityEditor.WebGL.Extensions.dll
Register platform support module: D:/Unity/Editors/2022.3.37f1/Editor/Data/PlaybackEngines/MacStandaloneSupport/UnityEditor.OSXStandalone.Extensions.dll
Register platform support module: D:/Unity/Editors/2022.3.37f1/Editor/Data/PlaybackEngines/AndroidPlayer/UnityEditor.Android.Extensions.dll
Register platform support module: D:/Unity/Editors/2022.3.37f1/Editor/Data/PlaybackEngines/iOSSupport/UnityEditor.iOS.Extensions.dll
Register platform support module: D:/Unity/Editors/2022.3.37f1/Editor/Data/PlaybackEngines/VisionOSPlayer/UnityEditor.VisionOS.Extensions.dll
Register platform support module: D:/Unity/Editors/2022.3.37f1/Editor/Data/PlaybackEngines/AppleTVSupport/UnityEditor.AppleTV.Extensions.dll
Register platform support module: D:/Unity/Editors/2022.3.37f1/Editor/Data/PlaybackEngines/WindowsStandaloneSupport/UnityEditor.WindowsStandalone.Extensions.dll
Register platform support module: D:/Unity/Editors/2022.3.37f1/Editor/Data/PlaybackEngines/LinuxStandaloneSupport/UnityEditor.LinuxStandalone.Extensions.dll
Register platform support module: D:/Unity/Editors/2022.3.37f1/Editor/Data/PlaybackEngines/MetroSupport/UnityEditor.UWP.Extensions.dll
Registered in 0.009069 seconds.
- Loaded All Assemblies, in  0.267 seconds
Native extension for UWP target not found
Native extension for LinuxStandalone target not found
Native extension for WindowsStandalone target not found
[usbmuxd] Start listen thread
[usbmuxd] Listen thread started
Native extension for AppleTV target not found
Failed to load: D:/Unity/Editors/2022.3.37f1/Editor/Data/PlaybackEngines/VisionOSPlayer\x64\UnityEditor.VisionOS.Native.dll
Native extension for VisionOS target not found
[usbmuxd] Start listen thread
[usbmuxd] Listen thread started
Native extension for iOS target not found
Native extension for Android target not found
Android Extension - Scanning For ADB Devices 206 ms
Native extension for OSXStandalone target not found
Native extension for WebGL target not found
Mono: successfully reloaded assembly
- Finished resetting the current domain, in  0.473 seconds
Domain Reload Profiling: 740ms
	BeginReloadAssembly (91ms)
		ExecutionOrderSort (0ms)
		DisableScriptedObjects (0ms)
		BackupInstance (0ms)
		ReleaseScriptingObjects (0ms)
		CreateAndSetChildDomain (1ms)
	RebuildCommonClasses (25ms)
	RebuildNativeTypeToScriptingClass (8ms)
	initialDomainReloadingComplete (42ms)
	LoadAllAssembliesAndSetupDomain (101ms)
		LoadAssemblies (91ms)
		RebuildTransferFunctionScriptingTraits (0ms)
		AnalyzeDomain (99ms)
			TypeCache.Refresh (97ms)
				TypeCache.ScanAssembly (88ms)
			ScanForSourceGeneratedMonoScriptInfo (0ms)
			ResolveRequiredComponents (0ms)
	FinalizeReload (473ms)
		ReleaseScriptCaches (0ms)
		RebuildScriptCaches (0ms)
		SetupLoadedEditorAssemblies (433ms)
			LogAssemblyErrors (0ms)
			InitializePlatformSupportModulesInManaged (312ms)
			SetLoadedEditorAssemblies (4ms)
			RefreshPlugins (0ms)
			BeforeProcessingInitializeOnLoad (2ms)
			ProcessInitializeOnLoadAttributes (84ms)
			ProcessInitializeOnLoadMethodAttributes (32ms)
			AfterProcessingInitializeOnLoad (0ms)
			EditorAssembliesLoaded (0ms)
		ExecutionOrderSort2 (0ms)
		AwakeInstancesAfterBackupRestoration (0ms)
========================================================================
Worker process is ready to serve import requests
Begin MonoManager ReloadAssembly
Symbol file LoadedFromMemory is not a mono symbol file
- Loaded All Assemblies, in  0.490 seconds
Refreshing native plugins compatible for Editor in 2.84 ms, found 4 plugins.
Native extension for UWP target not found
Native extension for LinuxStandalone target not found
Native extension for WindowsStandalone target not found
Native extension for AppleTV target not found
Failed to load: D:/Unity/Editors/2022.3.37f1/Editor/Data/PlaybackEngines/VisionOSPlayer\x64\UnityEditor.VisionOS.Native.dll
Native extension for VisionOS target not found
Native extension for iOS target not found
Native extension for Android target not found
Native extension for OSXStandalone target not found
Native extension for WebGL target not found
Package Manager log level set to [2]
[Package Manager] Server::EnsureServerProcessIsRunning -- launch failed, reason: Unity was launched with the -noUpm command-line argument
[Package Manager] UpmClient::Send -- Unable to send message (not connected to UPM process).
[Package Manager] Cannot connect to Unity Package Manager local server
Mono: successfully reloaded assembly
- Finished resetting the current domain, in  0.492 seconds
Domain Reload Profiling: 982ms
	BeginReloadAssembly (106ms)
		ExecutionOrderSort (0ms)
		DisableScriptedObjects (4ms)
		BackupInstance (0ms)
		ReleaseScriptingObjects (0ms)
		CreateAndSetChildDomain (18ms)
	RebuildCommonClasses (23ms)
	RebuildNativeTypeToScriptingClass (7ms)
	initialDomainReloadingComplete (29ms)
	LoadAllAssembliesAndSetupDomain (324ms)
		LoadAssemblies (246ms)
		RebuildTransferFunctionScriptingTraits (0ms)
		AnalyzeDomain (139ms)
			TypeCache.Refresh (116ms)
				TypeCache.ScanAssembly (100ms)
			ScanForSourceGeneratedMonoScriptInfo (18ms)
			ResolveRequiredComponents (4ms)
	FinalizeReload (493ms)
		ReleaseScriptCaches (0ms)
		RebuildScriptCaches (0ms)
		SetupLoadedEditorAssemblies (371ms)
			LogAssemblyErrors (0ms)
			InitializePlatformSupportModulesInManaged (32ms)
			SetLoadedEditorAssemblies (2ms)
			RefreshPlugins (0ms)
			BeforeProcessingInitializeOnLoad (50ms)
			ProcessInitializeOnLoadAttributes (257ms)
			ProcessInitializeOnLoadMethodAttributes (26ms)
			AfterProcessingInitializeOnLoad (3ms)
			EditorAssembliesLoaded (0ms)
		ExecutionOrderSort2 (0ms)
		AwakeInstancesAfterBackupRestoration (4ms)
Launched and connected shader compiler UnityShaderCompiler.exe after 0.04 seconds
Refreshing native plugins compatible for Editor in 2.96 ms, found 4 plugins.
Preloading 0 native plugins for Editor in 0.00 ms.
Unloading 4094 Unused Serialized files (Serialized files now loaded: 0)
Unloading 70 unused Assets / (36.5 KB). Loaded Objects now: 4558.
Memory consumption went from 153.0 MB to 152.9 MB.
Total: 3.192800 ms (FindLiveObjects: 0.273800 ms CreateObjectMapping: 0.178200 ms MarkObjects: 2.661400 ms  DeleteObjects: 0.078600 ms)

AssetImportParameters requested are different than current active one (requested -> active):
  custom:scripting/monoscript/fileName/Hud.cs: 3f613027fc63bf38f5a0c37d8874ee72 -> 
  custom:scripting/monoscript/fileName/UIParticleSystem.cs: f2032cc42c92df1f74c30ddf20d1edd6 -> 
  custom:container-demuxer-ogg: 62fdf1f143b41e24485cea50d1cbac27 -> 
  custom:scripting/monoscript/fileName/QuizLevel.cs: c4a892a335b7b84b476bf729addc86ae -> 4d603538b12c3621a34fb9fb33b036cc
  custom:scripting/monoscript/fileName/QuizQuestion.cs: 216181715a7b8be7765cde7f42b1d90f -> d94d1239b4bdb2cc8f926a69483f4cb4
  custom:video-decoder-ogg-theora: a1e56fd34408186e4bbccfd4996cb3dc -> 
  custom:framework-win-MediaFoundation: 216162199b28c13a410421893ffa2e32 -> 
  custom:scripting/monoscript/fileName/DOTweenInitializer.cs: 8e2cca5921a9b80cf33deea7940e5e4f -> 
  custom:scripting/monoscript/fileName/LevelManager.cs: f244a9524e679832f23f3fa7f91df5a5 -> 64e85ca0c67720aad0a2175177ff3eee
  custom:scripting/monoscript/fileName/Token.cs: eaaf38c2d587e5e76126b9ad860e251e -> 
  custom:scripting/monoscript/fileName/LevelButton.cs: 4da5bfbb2fb1e2738c5bd619a1adece5 -> b434bbac274fdfda2ff564593a03bbb9
  custom:CustomObjectIndexerAttribute: 9a22284fe3817be447336de3de66b15e -> 
  custom:container-demuxer-webm: 4f35f7cbe854078d1ac9338744f61a02 -> 
  custom:scripting/monoscript/fileName/RankAchievementsController.cs: 3c5e154e0098ac638f4b5d0946496be5 -> 14b223771555fedd2f8006235cd5d172
  custom:scripting/monoscript/fileName/MainCameraMowemant.cs: a8899ae28a39af31656bbf00666fedaa -> 
  custom:scripting/monoscript/fileName/SettingPanel.cs: 9886d269b1477f3aee4483b06c921c55 -> 23906421fb342a1f53a99de0c5947e7b
  custom:container-muxer-webm: aa71ff27fc2769a1b78a27578f13a17b -> 
  custom:scripting/monoscript/fileName/PanelBlueSky.cs: 6e49e0693c0bbaeed5d2ad7c69c366f3 -> 
  custom:scripting/monoscript/fileName/LevelParameters.cs: 1ab313d196c3a0c35b85ddf12a679ed7 -> 
  custom:scripting/monoscript/fileName/LevelState.cs: cc670ad5cf6736d0894caca50f8513d4 -> 49477e9094210c0c540f6bf588b801a4
  custom:video-decoder-webm-vp8: 9c59270c3fd7afecdb556c50c9e8de78 -> 
  custom:SearchIndexIgnoredProperties: e643bd26f0fe6173181afceb89e7c659 -> 
  custom:AudioImporter_EditorPlatform: d09bf68614088b80899f8185d706f6e7 -> 
  custom:scripting/monoscript/fileName/StartPanel.cs: a4808055277a3c414872a927656a737b -> c259f80b255e5f3dc4577d005af09e50
  custom:scripting/monoscript/fileName/PanelControlBlueSky.cs: 4372aafdd06fd07a846c1988e16d42fb -> 
  custom:scripting/monoscript/fileName/Controller.cs: 9ac834cf3508dd1b6236017959eb9876 -> 
  custom:scripting/monoscript/fileName/DataStore.cs: bcb57d0f6ce1b69b5e705ca75b4f2903 -> 
  custom:video-encoder-webm-vp8: eb34c28f22e8b96e1ab97ce403110664 -> 
  custom:scripting/monoscript/fileName/TutorialPanel.cs: afc68be299170ca6b0629c3822839884 -> 6d857e2d74239cb2977ab602ad26b2f6
  custom:audio-decoder-ogg-vorbis: bf7c407c2cedff20999df2af8eb42d56 -> 
  custom:scripting/monoscript/fileName/PopupAnimation.cs: d622ef3e1efb31614179a85dfdaaa2c8 -> a5f58fca68809c512ff619983394f4f2
  custom:scripting/monoscript/fileName/Audio.cs: fce2c3646fd5a5fb136f4e093ff161a0 -> 
  custom:scripting/monoscript/fileName/Score.cs: 571ceaabfa11895c7a7212f0a37dba86 -> 
  custom:scripting/monoscript/fileName/Field.cs: 754baad824181aa766edb1f46aaf9467 -> 
  custom:scripting/monoscript/fileName/QuizController.cs: 2f1183ae927fe3aac0007700e7fc1fb0 -> 4d9bc6184856e9abac37a37d39c6b286
  custom:audio-encoder-webm-vorbis: bf7c407c2cedff20999df2af8eb42d56 -> 
  custom:scripting/monoscript/fileName/TravelMap.cs: 05f07abb596d0adf5b4de719ef58b396 -> 4dae51c169d5fffc7f168ece56a260e8
  custom:scripting/monoscript/fileName/PanelUserName.cs: 2662b4f7089f6e423a0fa91b2b8d0f9c -> 60a2534041db89af6dfa84eb10ae6c08
========================================================================
Received Prepare
Begin MonoManager ReloadAssembly
Symbol file LoadedFromMemory is not a mono symbol file
- Loaded All Assemblies, in  0.376 seconds
Refreshing native plugins compatible for Editor in 2.96 ms, found 4 plugins.
Native extension for UWP target not found
Native extension for LinuxStandalone target not found
Native extension for WindowsStandalone target not found
Native extension for AppleTV target not found
Failed to load: D:/Unity/Editors/2022.3.37f1/Editor/Data/PlaybackEngines/VisionOSPlayer\x64\UnityEditor.VisionOS.Native.dll
Native extension for VisionOS target not found
Native extension for iOS target not found
Native extension for Android target not found
Native extension for OSXStandalone target not found
Native extension for WebGL target not found
[Package Manager] Server::EnsureServerProcessIsRunning -- launch failed, reason: Unity was launched with the -noUpm command-line argument
[Package Manager] UpmClient::Send -- Unable to send message (not connected to UPM process).
[Package Manager] Cannot connect to Unity Package Manager local server
Mono: successfully reloaded assembly
- Finished resetting the current domain, in  0.798 seconds
Domain Reload Profiling: 1174ms
	BeginReloadAssembly (139ms)
		ExecutionOrderSort (0ms)
		DisableScriptedObjects (9ms)
		BackupInstance (0ms)
		ReleaseScriptingObjects (0ms)
		CreateAndSetChildDomain (38ms)
	RebuildCommonClasses (22ms)
	RebuildNativeTypeToScriptingClass (8ms)
	initialDomainReloadingComplete (21ms)
	LoadAllAssembliesAndSetupDomain (184ms)
		LoadAssemblies (242ms)
		RebuildTransferFunctionScriptingTraits (0ms)
		AnalyzeDomain (11ms)
			TypeCache.Refresh (5ms)
				TypeCache.ScanAssembly (0ms)
			ScanForSourceGeneratedMonoScriptInfo (0ms)
			ResolveRequiredComponents (5ms)
	FinalizeReload (799ms)
		ReleaseScriptCaches (0ms)
		RebuildScriptCaches (0ms)
		SetupLoadedEditorAssemblies (410ms)
			LogAssemblyErrors (0ms)
			InitializePlatformSupportModulesInManaged (34ms)
			SetLoadedEditorAssemblies (4ms)
			RefreshPlugins (0ms)
			BeforeProcessingInitializeOnLoad (62ms)
			ProcessInitializeOnLoadAttributes (283ms)
			ProcessInitializeOnLoadMethodAttributes (25ms)
			AfterProcessingInitializeOnLoad (2ms)
			EditorAssembliesLoaded (0ms)
		ExecutionOrderSort2 (0ms)
		AwakeInstancesAfterBackupRestoration (9ms)
Refreshing native plugins compatible for Editor in 3.91 ms, found 4 plugins.
Preloading 0 native plugins for Editor in 0.00 ms.
Unloading 4069 Unused Serialized files (Serialized files now loaded: 0)
Unloading 43 unused Assets / (38.7 KB). Loaded Objects now: 4563.
Memory consumption went from 146.0 MB to 146.0 MB.
Total: 2.953400 ms (FindLiveObjects: 0.273500 ms CreateObjectMapping: 0.173000 ms MarkObjects: 2.446000 ms  DeleteObjects: 0.060000 ms)

Prepare: number of updated asset objects reloaded= 0
AssetImportParameters requested are different than current active one (requested -> active):
  custom:scripting/monoscript/fileName/Hud.cs: 3f613027fc63bf38f5a0c37d8874ee72 -> 
  custom:scripting/monoscript/fileName/UIParticleSystem.cs: f2032cc42c92df1f74c30ddf20d1edd6 -> 
  custom:container-demuxer-ogg: 62fdf1f143b41e24485cea50d1cbac27 -> 
  custom:scripting/monoscript/fileName/QuizLevel.cs: c4a892a335b7b84b476bf729addc86ae -> 4d603538b12c3621a34fb9fb33b036cc
  custom:scripting/monoscript/fileName/QuizQuestion.cs: 216181715a7b8be7765cde7f42b1d90f -> d94d1239b4bdb2cc8f926a69483f4cb4
  custom:video-decoder-ogg-theora: a1e56fd34408186e4bbccfd4996cb3dc -> 
  custom:framework-win-MediaFoundation: 216162199b28c13a410421893ffa2e32 -> 
  custom:scripting/monoscript/fileName/DOTweenInitializer.cs: 8e2cca5921a9b80cf33deea7940e5e4f -> 
  custom:scripting/monoscript/fileName/LevelManager.cs: f244a9524e679832f23f3fa7f91df5a5 -> 64e85ca0c67720aad0a2175177ff3eee
  custom:scripting/monoscript/fileName/Token.cs: eaaf38c2d587e5e76126b9ad860e251e -> 
  custom:scripting/monoscript/fileName/LevelButton.cs: 4da5bfbb2fb1e2738c5bd619a1adece5 -> b434bbac274fdfda2ff564593a03bbb9
  custom:CustomObjectIndexerAttribute: 9a22284fe3817be447336de3de66b15e -> 
  custom:container-demuxer-webm: 4f35f7cbe854078d1ac9338744f61a02 -> 
  custom:scripting/monoscript/fileName/RankAchievementsController.cs: 3c5e154e0098ac638f4b5d0946496be5 -> 14b223771555fedd2f8006235cd5d172
  custom:scripting/monoscript/fileName/MainCameraMowemant.cs: a8899ae28a39af31656bbf00666fedaa -> 
  custom:scripting/monoscript/fileName/SettingPanel.cs: 9886d269b1477f3aee4483b06c921c55 -> 23906421fb342a1f53a99de0c5947e7b
  custom:container-muxer-webm: aa71ff27fc2769a1b78a27578f13a17b -> 
  custom:scripting/monoscript/fileName/PanelBlueSky.cs: 6e49e0693c0bbaeed5d2ad7c69c366f3 -> 
  custom:scripting/monoscript/fileName/LevelParameters.cs: 1ab313d196c3a0c35b85ddf12a679ed7 -> 
  custom:scripting/monoscript/fileName/LevelState.cs: cc670ad5cf6736d0894caca50f8513d4 -> 49477e9094210c0c540f6bf588b801a4
  custom:video-decoder-webm-vp8: 9c59270c3fd7afecdb556c50c9e8de78 -> 
  custom:SearchIndexIgnoredProperties: e643bd26f0fe6173181afceb89e7c659 -> 
  custom:AudioImporter_EditorPlatform: d09bf68614088b80899f8185d706f6e7 -> 
  custom:scripting/monoscript/fileName/StartPanel.cs: a4808055277a3c414872a927656a737b -> c259f80b255e5f3dc4577d005af09e50
  custom:scripting/monoscript/fileName/PanelControlBlueSky.cs: 4372aafdd06fd07a846c1988e16d42fb -> 
  custom:scripting/monoscript/fileName/Controller.cs: 9ac834cf3508dd1b6236017959eb9876 -> 
  custom:scripting/monoscript/fileName/DataStore.cs: bcb57d0f6ce1b69b5e705ca75b4f2903 -> 
  custom:video-encoder-webm-vp8: eb34c28f22e8b96e1ab97ce403110664 -> 
  custom:scripting/monoscript/fileName/TutorialPanel.cs: afc68be299170ca6b0629c3822839884 -> 6d857e2d74239cb2977ab602ad26b2f6
  custom:audio-decoder-ogg-vorbis: bf7c407c2cedff20999df2af8eb42d56 -> 
  custom:scripting/monoscript/fileName/PopupAnimation.cs: d622ef3e1efb31614179a85dfdaaa2c8 -> a5f58fca68809c512ff619983394f4f2
  custom:scripting/monoscript/fileName/Audio.cs: fce2c3646fd5a5fb136f4e093ff161a0 -> 
  custom:scripting/monoscript/fileName/Score.cs: 571ceaabfa11895c7a7212f0a37dba86 -> 
  custom:scripting/monoscript/fileName/Field.cs: 754baad824181aa766edb1f46aaf9467 -> 
  custom:scripting/monoscript/fileName/QuizController.cs: 2f1183ae927fe3aac0007700e7fc1fb0 -> 4d9bc6184856e9abac37a37d39c6b286
  custom:audio-encoder-webm-vorbis: bf7c407c2cedff20999df2af8eb42d56 -> 
  custom:scripting/monoscript/fileName/TravelMap.cs: 05f07abb596d0adf5b4de719ef58b396 -> 4dae51c169d5fffc7f168ece56a260e8
  custom:scripting/monoscript/fileName/PanelUserName.cs: 2662b4f7089f6e423a0fa91b2b8d0f9c -> 60a2534041db89af6dfa84eb10ae6c08
========================================================================
Received Prepare
Begin MonoManager ReloadAssembly
Symbol file LoadedFromMemory is not a mono symbol file
- Loaded All Assemblies, in  0.389 seconds
Refreshing native plugins compatible for Editor in 2.84 ms, found 4 plugins.
Native extension for UWP target not found
Native extension for LinuxStandalone target not found
Native extension for WindowsStandalone target not found
Native extension for AppleTV target not found
Failed to load: D:/Unity/Editors/2022.3.37f1/Editor/Data/PlaybackEngines/VisionOSPlayer\x64\UnityEditor.VisionOS.Native.dll
Native extension for VisionOS target not found
Native extension for iOS target not found
Native extension for Android target not found
Native extension for OSXStandalone target not found
Native extension for WebGL target not found
[Package Manager] Server::EnsureServerProcessIsRunning -- launch failed, reason: Unity was launched with the -noUpm command-line argument
[Package Manager] UpmClient::Send -- Unable to send message (not connected to UPM process).
[Package Manager] Cannot connect to Unity Package Manager local server
Mono: successfully reloaded assembly
- Finished resetting the current domain, in  0.749 seconds
Domain Reload Profiling: 1137ms
	BeginReloadAssembly (126ms)
		ExecutionOrderSort (0ms)
		DisableScriptedObjects (9ms)
		BackupInstance (0ms)
		ReleaseScriptingObjects (0ms)
		CreateAndSetChildDomain (32ms)
	RebuildCommonClasses (23ms)
	RebuildNativeTypeToScriptingClass (8ms)
	initialDomainReloadingComplete (22ms)
	LoadAllAssembliesAndSetupDomain (208ms)
		LoadAssemblies (248ms)
		RebuildTransferFunctionScriptingTraits (0ms)
		AnalyzeDomain (23ms)
			TypeCache.Refresh (9ms)
				TypeCache.ScanAssembly (0ms)
			ScanForSourceGeneratedMonoScriptInfo (9ms)
			ResolveRequiredComponents (5ms)
	FinalizeReload (750ms)
		ReleaseScriptCaches (0ms)
		RebuildScriptCaches (0ms)
		SetupLoadedEditorAssemblies (364ms)
			LogAssemblyErrors (0ms)
			InitializePlatformSupportModulesInManaged (32ms)
			SetLoadedEditorAssemblies (2ms)
			RefreshPlugins (0ms)
			BeforeProcessingInitializeOnLoad (49ms)
			ProcessInitializeOnLoadAttributes (252ms)
			ProcessInitializeOnLoadMethodAttributes (26ms)
			AfterProcessingInitializeOnLoad (3ms)
			EditorAssembliesLoaded (0ms)
		ExecutionOrderSort2 (0ms)
		AwakeInstancesAfterBackupRestoration (9ms)
Refreshing native plugins compatible for Editor in 3.28 ms, found 4 plugins.
Preloading 0 native plugins for Editor in 0.00 ms.
Unloading 4069 Unused Serialized files (Serialized files now loaded: 0)
Unloading 43 unused Assets / (38.9 KB). Loaded Objects now: 4567.
Memory consumption went from 146.0 MB to 146.0 MB.
Total: 3.052300 ms (FindLiveObjects: 0.328300 ms CreateObjectMapping: 0.229100 ms MarkObjects: 2.426900 ms  DeleteObjects: 0.067200 ms)

Prepare: number of updated asset objects reloaded= 0
AssetImportParameters requested are different than current active one (requested -> active):
  custom:scripting/monoscript/fileName/Hud.cs: 3f613027fc63bf38f5a0c37d8874ee72 -> 
  custom:scripting/monoscript/fileName/UIParticleSystem.cs: f2032cc42c92df1f74c30ddf20d1edd6 -> 
  custom:container-demuxer-ogg: 62fdf1f143b41e24485cea50d1cbac27 -> 
  custom:scripting/monoscript/fileName/QuizLevel.cs: c4a892a335b7b84b476bf729addc86ae -> 4d603538b12c3621a34fb9fb33b036cc
  custom:scripting/monoscript/fileName/QuizQuestion.cs: 216181715a7b8be7765cde7f42b1d90f -> d94d1239b4bdb2cc8f926a69483f4cb4
  custom:video-decoder-ogg-theora: a1e56fd34408186e4bbccfd4996cb3dc -> 
  custom:framework-win-MediaFoundation: 216162199b28c13a410421893ffa2e32 -> 
  custom:scripting/monoscript/fileName/DOTweenInitializer.cs: 8e2cca5921a9b80cf33deea7940e5e4f -> 
  custom:scripting/monoscript/fileName/LevelManager.cs: f244a9524e679832f23f3fa7f91df5a5 -> 64e85ca0c67720aad0a2175177ff3eee
  custom:scripting/monoscript/fileName/Token.cs: eaaf38c2d587e5e76126b9ad860e251e -> 
  custom:scripting/monoscript/fileName/LevelButton.cs: 4da5bfbb2fb1e2738c5bd619a1adece5 -> b434bbac274fdfda2ff564593a03bbb9
  custom:CustomObjectIndexerAttribute: 9a22284fe3817be447336de3de66b15e -> 
  custom:container-demuxer-webm: 4f35f7cbe854078d1ac9338744f61a02 -> 
  custom:scripting/monoscript/fileName/RankAchievementsController.cs: 3cda00d22909278ae2f36a1671ebe093 -> 70af8ae6b5d1b3ed919378cb4258070d
  custom:scripting/monoscript/fileName/MainCameraMowemant.cs: a8899ae28a39af31656bbf00666fedaa -> 
  custom:scripting/monoscript/fileName/SettingPanel.cs: 9886d269b1477f3aee4483b06c921c55 -> 23906421fb342a1f53a99de0c5947e7b
  custom:container-muxer-webm: aa71ff27fc2769a1b78a27578f13a17b -> 
  custom:scripting/monoscript/fileName/PanelBlueSky.cs: 6e49e0693c0bbaeed5d2ad7c69c366f3 -> 
  custom:scripting/monoscript/fileName/LevelParameters.cs: 1ab313d196c3a0c35b85ddf12a679ed7 -> 
  custom:scripting/monoscript/fileName/LevelState.cs: cc670ad5cf6736d0894caca50f8513d4 -> 49477e9094210c0c540f6bf588b801a4
  custom:video-decoder-webm-vp8: 9c59270c3fd7afecdb556c50c9e8de78 -> 
  custom:SearchIndexIgnoredProperties: e643bd26f0fe6173181afceb89e7c659 -> 
  custom:AudioImporter_EditorPlatform: d09bf68614088b80899f8185d706f6e7 -> 
  custom:scripting/monoscript/fileName/StartPanel.cs: a4808055277a3c414872a927656a737b -> c259f80b255e5f3dc4577d005af09e50
  custom:scripting/monoscript/fileName/PanelControlBlueSky.cs: 4372aafdd06fd07a846c1988e16d42fb -> 
  custom:scripting/monoscript/fileName/Controller.cs: 9ac834cf3508dd1b6236017959eb9876 -> 
  custom:scripting/monoscript/fileName/DataStore.cs: bcb57d0f6ce1b69b5e705ca75b4f2903 -> 
  custom:video-encoder-webm-vp8: eb34c28f22e8b96e1ab97ce403110664 -> 
  custom:scripting/monoscript/fileName/TutorialPanel.cs: afc68be299170ca6b0629c3822839884 -> 6d857e2d74239cb2977ab602ad26b2f6
  custom:audio-decoder-ogg-vorbis: bf7c407c2cedff20999df2af8eb42d56 -> 
  custom:scripting/monoscript/fileName/PopupAnimation.cs: d622ef3e1efb31614179a85dfdaaa2c8 -> a5f58fca68809c512ff619983394f4f2
  custom:scripting/monoscript/fileName/Audio.cs: fce2c3646fd5a5fb136f4e093ff161a0 -> 
  custom:scripting/monoscript/fileName/Score.cs: 571ceaabfa11895c7a7212f0a37dba86 -> 
  custom:scripting/monoscript/fileName/Field.cs: 754baad824181aa766edb1f46aaf9467 -> 
  custom:scripting/monoscript/fileName/QuizController.cs: 2f1183ae927fe3aac0007700e7fc1fb0 -> 4d9bc6184856e9abac37a37d39c6b286
  custom:audio-encoder-webm-vorbis: bf7c407c2cedff20999df2af8eb42d56 -> 
  custom:scripting/monoscript/fileName/TravelMap.cs: 05f07abb596d0adf5b4de719ef58b396 -> 4dae51c169d5fffc7f168ece56a260e8
  custom:scripting/monoscript/fileName/PanelUserName.cs: 2662b4f7089f6e423a0fa91b2b8d0f9c -> 60a2534041db89af6dfa84eb10ae6c08
========================================================================
Received Import Request.
  Time since last request: 341600.337222 seconds.
  path: Assets/Scripts/RankAchievementsController.cs
  artifactKey: Guid(a9bf631ac02feed40ba83ed9324fc7c8) Importer(815301076,1909f56bfc062723c751e8b465ee728b)
Start importing Assets/Scripts/RankAchievementsController.cs using Guid(a9bf631ac02feed40ba83ed9324fc7c8) Importer(815301076,1909f56bfc062723c751e8b465ee728b) [PhysX] Initialized MultithreadedTaskDispatcher with 16 workers.
 -> (artifact id: '73e6acef5e4ce61159a405c4dc928b6c') in 0.001878 seconds
Number of updated asset objects reloaded before import = 0
Number of asset objects unloaded after import = 0
========================================================================
Received Prepare
Begin MonoManager ReloadAssembly
Symbol file LoadedFromMemory is not a mono symbol file
- Loaded All Assemblies, in  0.403 seconds
Refreshing native plugins compatible for Editor in 3.24 ms, found 4 plugins.
Native extension for UWP target not found
Native extension for LinuxStandalone target not found
Native extension for WindowsStandalone target not found
Native extension for AppleTV target not found
Failed to load: D:/Unity/Editors/2022.3.37f1/Editor/Data/PlaybackEngines/VisionOSPlayer\x64\UnityEditor.VisionOS.Native.dll
Native extension for VisionOS target not found
Native extension for iOS target not found
Native extension for Android target not found
Native extension for OSXStandalone target not found
Native extension for WebGL target not found
[Package Manager] Server::EnsureServerProcessIsRunning -- launch failed, reason: Unity was launched with the -noUpm command-line argument
[Package Manager] UpmClient::Send -- Unable to send message (not connected to UPM process).
[Package Manager] Cannot connect to Unity Package Manager local server
Mono: successfully reloaded assembly
- Finished resetting the current domain, in  0.728 seconds
Domain Reload Profiling: 1130ms
	BeginReloadAssembly (133ms)
		ExecutionOrderSort (0ms)
		DisableScriptedObjects (9ms)
		BackupInstance (0ms)
		ReleaseScriptingObjects (0ms)
		CreateAndSetChildDomain (33ms)
	RebuildCommonClasses (29ms)
	RebuildNativeTypeToScriptingClass (14ms)
	initialDomainReloadingComplete (23ms)
	LoadAllAssembliesAndSetupDomain (203ms)
		LoadAssemblies (252ms)
		RebuildTransferFunctionScriptingTraits (0ms)
		AnalyzeDomain (21ms)
			TypeCache.Refresh (8ms)
				TypeCache.ScanAssembly (0ms)
			ScanForSourceGeneratedMonoScriptInfo (7ms)
			ResolveRequiredComponents (5ms)
	FinalizeReload (728ms)
		ReleaseScriptCaches (0ms)
		RebuildScriptCaches (0ms)
		SetupLoadedEditorAssemblies (353ms)
			LogAssemblyErrors (0ms)
			InitializePlatformSupportModulesInManaged (32ms)
			SetLoadedEditorAssemblies (2ms)
			RefreshPlugins (0ms)
			BeforeProcessingInitializeOnLoad (49ms)
			ProcessInitializeOnLoadAttributes (242ms)
			ProcessInitializeOnLoadMethodAttributes (25ms)
			AfterProcessingInitializeOnLoad (3ms)
			EditorAssembliesLoaded (0ms)
		ExecutionOrderSort2 (0ms)
		AwakeInstancesAfterBackupRestoration (9ms)
Refreshing native plugins compatible for Editor in 2.92 ms, found 4 plugins.
Preloading 0 native plugins for Editor in 0.00 ms.
Unloading 4068 Unused Serialized files (Serialized files now loaded: 0)
Unloading 43 unused Assets / (38.9 KB). Loaded Objects now: 4571.
Memory consumption went from 145.8 MB to 145.8 MB.
Total: 2.997300 ms (FindLiveObjects: 0.242900 ms CreateObjectMapping: 0.138800 ms MarkObjects: 2.556300 ms  DeleteObjects: 0.058800 ms)

Prepare: number of updated asset objects reloaded= 0
AssetImportParameters requested are different than current active one (requested -> active):
  custom:scripting/monoscript/fileName/Hud.cs: 3f613027fc63bf38f5a0c37d8874ee72 -> 
  custom:scripting/monoscript/fileName/UIParticleSystem.cs: f2032cc42c92df1f74c30ddf20d1edd6 -> 
  custom:container-demuxer-ogg: 62fdf1f143b41e24485cea50d1cbac27 -> 
  custom:scripting/monoscript/fileName/QuizLevel.cs: c4a892a335b7b84b476bf729addc86ae -> 4d603538b12c3621a34fb9fb33b036cc
  custom:scripting/monoscript/fileName/QuizQuestion.cs: 216181715a7b8be7765cde7f42b1d90f -> d94d1239b4bdb2cc8f926a69483f4cb4
  custom:video-decoder-ogg-theora: a1e56fd34408186e4bbccfd4996cb3dc -> 
  custom:framework-win-MediaFoundation: 216162199b28c13a410421893ffa2e32 -> 
  custom:scripting/monoscript/fileName/DOTweenInitializer.cs: 8e2cca5921a9b80cf33deea7940e5e4f -> 
  custom:scripting/monoscript/fileName/LevelManager.cs: f244a9524e679832f23f3fa7f91df5a5 -> 64e85ca0c67720aad0a2175177ff3eee
  custom:scripting/monoscript/fileName/Token.cs: eaaf38c2d587e5e76126b9ad860e251e -> 
  custom:scripting/monoscript/fileName/LevelButton.cs: 4da5bfbb2fb1e2738c5bd619a1adece5 -> b434bbac274fdfda2ff564593a03bbb9
  custom:CustomObjectIndexerAttribute: 9a22284fe3817be447336de3de66b15e -> 
  custom:container-demuxer-webm: 4f35f7cbe854078d1ac9338744f61a02 -> 
  custom:scripting/monoscript/fileName/RankAchievementsController.cs: 3cda00d22909278ae2f36a1671ebe093 -> 70af8ae6b5d1b3ed919378cb4258070d
  custom:scripting/monoscript/fileName/MainCameraMowemant.cs: a8899ae28a39af31656bbf00666fedaa -> 
  custom:scripting/monoscript/fileName/SettingPanel.cs: 9886d269b1477f3aee4483b06c921c55 -> 23906421fb342a1f53a99de0c5947e7b
  custom:container-muxer-webm: aa71ff27fc2769a1b78a27578f13a17b -> 
  custom:scripting/monoscript/fileName/PanelBlueSky.cs: 6e49e0693c0bbaeed5d2ad7c69c366f3 -> 
  custom:scripting/monoscript/fileName/LevelParameters.cs: 1ab313d196c3a0c35b85ddf12a679ed7 -> 
  custom:scripting/monoscript/fileName/LevelState.cs: cc670ad5cf6736d0894caca50f8513d4 -> 49477e9094210c0c540f6bf588b801a4
  custom:video-decoder-webm-vp8: 9c59270c3fd7afecdb556c50c9e8de78 -> 
  custom:SearchIndexIgnoredProperties: e643bd26f0fe6173181afceb89e7c659 -> 
  custom:AudioImporter_EditorPlatform: d09bf68614088b80899f8185d706f6e7 -> 
  custom:scripting/monoscript/fileName/StartPanel.cs: a4808055277a3c414872a927656a737b -> c259f80b255e5f3dc4577d005af09e50
  custom:scripting/monoscript/fileName/PanelControlBlueSky.cs: 4372aafdd06fd07a846c1988e16d42fb -> 
  custom:scripting/monoscript/fileName/Controller.cs: 9ac834cf3508dd1b6236017959eb9876 -> 
  custom:scripting/monoscript/fileName/DataStore.cs: bcb57d0f6ce1b69b5e705ca75b4f2903 -> 
  custom:video-encoder-webm-vp8: eb34c28f22e8b96e1ab97ce403110664 -> 
  custom:scripting/monoscript/fileName/TutorialPanel.cs: afc68be299170ca6b0629c3822839884 -> 6d857e2d74239cb2977ab602ad26b2f6
  custom:audio-decoder-ogg-vorbis: bf7c407c2cedff20999df2af8eb42d56 -> 
  custom:scripting/monoscript/fileName/PopupAnimation.cs: d622ef3e1efb31614179a85dfdaaa2c8 -> a5f58fca68809c512ff619983394f4f2
  custom:scripting/monoscript/fileName/Audio.cs: fce2c3646fd5a5fb136f4e093ff161a0 -> 
  custom:scripting/monoscript/fileName/Score.cs: 571ceaabfa11895c7a7212f0a37dba86 -> 
  custom:scripting/monoscript/fileName/Field.cs: 754baad824181aa766edb1f46aaf9467 -> 
  custom:scripting/monoscript/fileName/QuizController.cs: 2f1183ae927fe3aac0007700e7fc1fb0 -> 4d9bc6184856e9abac37a37d39c6b286
  custom:audio-encoder-webm-vorbis: bf7c407c2cedff20999df2af8eb42d56 -> 
  custom:scripting/monoscript/fileName/TravelMap.cs: 05f07abb596d0adf5b4de719ef58b396 -> 4dae51c169d5fffc7f168ece56a260e8
  custom:scripting/monoscript/fileName/PanelUserName.cs: 2662b4f7089f6e423a0fa91b2b8d0f9c -> 60a2534041db89af6dfa84eb10ae6c08
========================================================================
Received Prepare
Begin MonoManager ReloadAssembly
Symbol file LoadedFromMemory is not a mono symbol file
- Loaded All Assemblies, in  0.428 seconds
Refreshing native plugins compatible for Editor in 2.87 ms, found 4 plugins.
Native extension for UWP target not found
Native extension for LinuxStandalone target not found
Native extension for WindowsStandalone target not found
Native extension for AppleTV target not found
Failed to load: D:/Unity/Editors/2022.3.37f1/Editor/Data/PlaybackEngines/VisionOSPlayer\x64\UnityEditor.VisionOS.Native.dll
Native extension for VisionOS target not found
Native extension for iOS target not found
Native extension for Android target not found
Native extension for OSXStandalone target not found
Native extension for WebGL target not found
[Package Manager] Server::EnsureServerProcessIsRunning -- launch failed, reason: Unity was launched with the -noUpm command-line argument
[Package Manager] UpmClient::Send -- Unable to send message (not connected to UPM process).
[Package Manager] Cannot connect to Unity Package Manager local server
Mono: successfully reloaded assembly
- Finished resetting the current domain, in  0.845 seconds
Domain Reload Profiling: 1272ms
	BeginReloadAssembly (143ms)
		ExecutionOrderSort (0ms)
		DisableScriptedObjects (9ms)
		BackupInstance (0ms)
		ReleaseScriptingObjects (0ms)
		CreateAndSetChildDomain (38ms)
	RebuildCommonClasses (24ms)
	RebuildNativeTypeToScriptingClass (8ms)
	initialDomainReloadingComplete (23ms)
	LoadAllAssembliesAndSetupDomain (229ms)
		LoadAssemblies (291ms)
		RebuildTransferFunctionScriptingTraits (0ms)
		AnalyzeDomain (10ms)
			TypeCache.Refresh (5ms)
				TypeCache.ScanAssembly (0ms)
			ScanForSourceGeneratedMonoScriptInfo (0ms)
			ResolveRequiredComponents (4ms)
	FinalizeReload (845ms)
		ReleaseScriptCaches (0ms)
		RebuildScriptCaches (0ms)
		SetupLoadedEditorAssemblies (419ms)
			LogAssemblyErrors (0ms)
			InitializePlatformSupportModulesInManaged (37ms)
			SetLoadedEditorAssemblies (4ms)
			RefreshPlugins (0ms)
			BeforeProcessingInitializeOnLoad (59ms)
			ProcessInitializeOnLoadAttributes (287ms)
			ProcessInitializeOnLoadMethodAttributes (29ms)
			AfterProcessingInitializeOnLoad (2ms)
			EditorAssembliesLoaded (0ms)
		ExecutionOrderSort2 (0ms)
		AwakeInstancesAfterBackupRestoration (11ms)
Refreshing native plugins compatible for Editor in 2.90 ms, found 4 plugins.
Preloading 0 native plugins for Editor in 0.00 ms.
Unloading 4069 Unused Serialized files (Serialized files now loaded: 0)
Unloading 43 unused Assets / (37.8 KB). Loaded Objects now: 4575.
Memory consumption went from 146.1 MB to 146.0 MB.
Total: 2.921600 ms (FindLiveObjects: 0.276500 ms CreateObjectMapping: 0.109000 ms MarkObjects: 2.476900 ms  DeleteObjects: 0.058400 ms)

Prepare: number of updated asset objects reloaded= 0
AssetImportParameters requested are different than current active one (requested -> active):
  custom:scripting/monoscript/fileName/Hud.cs: 3f613027fc63bf38f5a0c37d8874ee72 -> 
  custom:scripting/monoscript/fileName/UIParticleSystem.cs: f2032cc42c92df1f74c30ddf20d1edd6 -> 
  custom:container-demuxer-ogg: 62fdf1f143b41e24485cea50d1cbac27 -> 
  custom:scripting/monoscript/fileName/QuizLevel.cs: c4a892a335b7b84b476bf729addc86ae -> 4d603538b12c3621a34fb9fb33b036cc
  custom:scripting/monoscript/fileName/QuizQuestion.cs: 216181715a7b8be7765cde7f42b1d90f -> d94d1239b4bdb2cc8f926a69483f4cb4
  custom:video-decoder-ogg-theora: a1e56fd34408186e4bbccfd4996cb3dc -> 
  custom:framework-win-MediaFoundation: 216162199b28c13a410421893ffa2e32 -> 
  custom:scripting/monoscript/fileName/DOTweenInitializer.cs: 8e2cca5921a9b80cf33deea7940e5e4f -> 
  custom:scripting/monoscript/fileName/LevelManager.cs: f244a9524e679832f23f3fa7f91df5a5 -> 64e85ca0c67720aad0a2175177ff3eee
  custom:scripting/monoscript/fileName/Token.cs: eaaf38c2d587e5e76126b9ad860e251e -> 
  custom:scripting/monoscript/fileName/LevelButton.cs: 4da5bfbb2fb1e2738c5bd619a1adece5 -> b434bbac274fdfda2ff564593a03bbb9
  custom:CustomObjectIndexerAttribute: 9a22284fe3817be447336de3de66b15e -> 
  custom:container-demuxer-webm: 4f35f7cbe854078d1ac9338744f61a02 -> 
  custom:scripting/monoscript/fileName/RankAchievementsController.cs: 3cda00d22909278ae2f36a1671ebe093 -> 70af8ae6b5d1b3ed919378cb4258070d
  custom:scripting/monoscript/fileName/MainCameraMowemant.cs: a8899ae28a39af31656bbf00666fedaa -> 
  custom:scripting/monoscript/fileName/SettingPanel.cs: 9886d269b1477f3aee4483b06c921c55 -> 23906421fb342a1f53a99de0c5947e7b
  custom:container-muxer-webm: aa71ff27fc2769a1b78a27578f13a17b -> 
  custom:scripting/monoscript/fileName/PanelBlueSky.cs: 6e49e0693c0bbaeed5d2ad7c69c366f3 -> 
  custom:scripting/monoscript/fileName/LevelParameters.cs: 1ab313d196c3a0c35b85ddf12a679ed7 -> 
  custom:scripting/monoscript/fileName/LevelState.cs: cc670ad5cf6736d0894caca50f8513d4 -> 49477e9094210c0c540f6bf588b801a4
  custom:video-decoder-webm-vp8: 9c59270c3fd7afecdb556c50c9e8de78 -> 
  custom:SearchIndexIgnoredProperties: e643bd26f0fe6173181afceb89e7c659 -> 
  custom:AudioImporter_EditorPlatform: d09bf68614088b80899f8185d706f6e7 -> 
  custom:scripting/monoscript/fileName/StartPanel.cs: a4808055277a3c414872a927656a737b -> c259f80b255e5f3dc4577d005af09e50
  custom:scripting/monoscript/fileName/PanelControlBlueSky.cs: 4372aafdd06fd07a846c1988e16d42fb -> 
  custom:scripting/monoscript/fileName/Controller.cs: 9ac834cf3508dd1b6236017959eb9876 -> 
  custom:scripting/monoscript/fileName/DataStore.cs: bcb57d0f6ce1b69b5e705ca75b4f2903 -> 
  custom:video-encoder-webm-vp8: eb34c28f22e8b96e1ab97ce403110664 -> 
  custom:scripting/monoscript/fileName/TutorialPanel.cs: afc68be299170ca6b0629c3822839884 -> 6d857e2d74239cb2977ab602ad26b2f6
  custom:audio-decoder-ogg-vorbis: bf7c407c2cedff20999df2af8eb42d56 -> 
  custom:scripting/monoscript/fileName/PopupAnimation.cs: d622ef3e1efb31614179a85dfdaaa2c8 -> a5f58fca68809c512ff619983394f4f2
  custom:scripting/monoscript/fileName/Audio.cs: fce2c3646fd5a5fb136f4e093ff161a0 -> 
  custom:scripting/monoscript/fileName/Score.cs: 571ceaabfa11895c7a7212f0a37dba86 -> 
  custom:scripting/monoscript/fileName/Field.cs: 754baad824181aa766edb1f46aaf9467 -> 
  custom:scripting/monoscript/fileName/QuizController.cs: 2f1183ae927fe3aac0007700e7fc1fb0 -> 4d9bc6184856e9abac37a37d39c6b286
  custom:audio-encoder-webm-vorbis: bf7c407c2cedff20999df2af8eb42d56 -> 
  custom:scripting/monoscript/fileName/TravelMap.cs: 05f07abb596d0adf5b4de719ef58b396 -> 4dae51c169d5fffc7f168ece56a260e8
  custom:scripting/monoscript/fileName/PanelUserName.cs: 2662b4f7089f6e423a0fa91b2b8d0f9c -> 60a2534041db89af6dfa84eb10ae6c08
========================================================================
Received Prepare
Begin MonoManager ReloadAssembly
Symbol file LoadedFromMemory is not a mono symbol file
- Loaded All Assemblies, in  0.385 seconds
Refreshing native plugins compatible for Editor in 3.19 ms, found 4 plugins.
Native extension for UWP target not found
Native extension for LinuxStandalone target not found
Native extension for WindowsStandalone target not found
Native extension for AppleTV target not found
Failed to load: D:/Unity/Editors/2022.3.37f1/Editor/Data/PlaybackEngines/VisionOSPlayer\x64\UnityEditor.VisionOS.Native.dll
Native extension for VisionOS target not found
Native extension for iOS target not found
Native extension for Android target not found
Native extension for OSXStandalone target not found
Native extension for WebGL target not found
[Package Manager] Server::EnsureServerProcessIsRunning -- launch failed, reason: Unity was launched with the -noUpm command-line argument
[Package Manager] UpmClient::Send -- Unable to send message (not connected to UPM process).
[Package Manager] Cannot connect to Unity Package Manager local server
Mono: successfully reloaded assembly
- Finished resetting the current domain, in  0.807 seconds
Domain Reload Profiling: 1191ms
	BeginReloadAssembly (136ms)
		ExecutionOrderSort (0ms)
		DisableScriptedObjects (9ms)
		BackupInstance (0ms)
		ReleaseScriptingObjects (0ms)
		CreateAndSetChildDomain (39ms)
	RebuildCommonClasses (25ms)
	RebuildNativeTypeToScriptingClass (9ms)
	initialDomainReloadingComplete (21ms)
	LoadAllAssembliesAndSetupDomain (193ms)
		LoadAssemblies (246ms)
		RebuildTransferFunctionScriptingTraits (0ms)
		AnalyzeDomain (11ms)
			TypeCache.Refresh (6ms)
				TypeCache.ScanAssembly (0ms)
			ScanForSourceGeneratedMonoScriptInfo (0ms)
			ResolveRequiredComponents (4ms)
	FinalizeReload (807ms)
		ReleaseScriptCaches (0ms)
		RebuildScriptCaches (0ms)
		SetupLoadedEditorAssemblies (418ms)
			LogAssemblyErrors (0ms)
			InitializePlatformSupportModulesInManaged (32ms)
			SetLoadedEditorAssemblies (3ms)
			RefreshPlugins (0ms)
			BeforeProcessingInitializeOnLoad (57ms)
			ProcessInitializeOnLoadAttributes (296ms)
			ProcessInitializeOnLoadMethodAttributes (28ms)
			AfterProcessingInitializeOnLoad (3ms)
			EditorAssembliesLoaded (0ms)
		ExecutionOrderSort2 (0ms)
		AwakeInstancesAfterBackupRestoration (12ms)
Refreshing native plugins compatible for Editor in 3.29 ms, found 4 plugins.
Preloading 0 native plugins for Editor in 0.00 ms.
Unloading 4069 Unused Serialized files (Serialized files now loaded: 0)
Unloading 43 unused Assets / (37.8 KB). Loaded Objects now: 4579.
Memory consumption went from 146.1 MB to 146.0 MB.
Total: 3.512200 ms (FindLiveObjects: 0.274900 ms CreateObjectMapping: 0.152200 ms MarkObjects: 3.024700 ms  DeleteObjects: 0.059600 ms)

Prepare: number of updated asset objects reloaded= 0
AssetImportParameters requested are different than current active one (requested -> active):
  custom:scripting/monoscript/fileName/Hud.cs: 3f613027fc63bf38f5a0c37d8874ee72 -> 
  custom:scripting/monoscript/fileName/UIParticleSystem.cs: f2032cc42c92df1f74c30ddf20d1edd6 -> 
  custom:container-demuxer-ogg: 62fdf1f143b41e24485cea50d1cbac27 -> 
  custom:scripting/monoscript/fileName/QuizLevel.cs: c4a892a335b7b84b476bf729addc86ae -> 4d603538b12c3621a34fb9fb33b036cc
  custom:scripting/monoscript/fileName/QuizQuestion.cs: 216181715a7b8be7765cde7f42b1d90f -> d94d1239b4bdb2cc8f926a69483f4cb4
  custom:video-decoder-ogg-theora: a1e56fd34408186e4bbccfd4996cb3dc -> 
  custom:framework-win-MediaFoundation: 216162199b28c13a410421893ffa2e32 -> 
  custom:scripting/monoscript/fileName/DOTweenInitializer.cs: 8e2cca5921a9b80cf33deea7940e5e4f -> 
  custom:scripting/monoscript/fileName/LevelManager.cs: f244a9524e679832f23f3fa7f91df5a5 -> 64e85ca0c67720aad0a2175177ff3eee
  custom:scripting/monoscript/fileName/Token.cs: eaaf38c2d587e5e76126b9ad860e251e -> 
  custom:scripting/monoscript/fileName/LevelButton.cs: 4da5bfbb2fb1e2738c5bd619a1adece5 -> b434bbac274fdfda2ff564593a03bbb9
  custom:CustomObjectIndexerAttribute: 9a22284fe3817be447336de3de66b15e -> 
  custom:container-demuxer-webm: 4f35f7cbe854078d1ac9338744f61a02 -> 
  custom:scripting/monoscript/fileName/RankAchievementsController.cs: 3cda00d22909278ae2f36a1671ebe093 -> 70af8ae6b5d1b3ed919378cb4258070d
  custom:scripting/monoscript/fileName/MainCameraMowemant.cs: a8899ae28a39af31656bbf00666fedaa -> 
  custom:scripting/monoscript/fileName/SettingPanel.cs: 9886d269b1477f3aee4483b06c921c55 -> 23906421fb342a1f53a99de0c5947e7b
  custom:container-muxer-webm: aa71ff27fc2769a1b78a27578f13a17b -> 
  custom:scripting/monoscript/fileName/PanelBlueSky.cs: 6e49e0693c0bbaeed5d2ad7c69c366f3 -> 
  custom:scripting/monoscript/fileName/LevelParameters.cs: 1ab313d196c3a0c35b85ddf12a679ed7 -> 
  custom:scripting/monoscript/fileName/LevelState.cs: cc670ad5cf6736d0894caca50f8513d4 -> 49477e9094210c0c540f6bf588b801a4
  custom:video-decoder-webm-vp8: 9c59270c3fd7afecdb556c50c9e8de78 -> 
  custom:SearchIndexIgnoredProperties: e643bd26f0fe6173181afceb89e7c659 -> 
  custom:AudioImporter_EditorPlatform: d09bf68614088b80899f8185d706f6e7 -> 
  custom:scripting/monoscript/fileName/StartPanel.cs: a4808055277a3c414872a927656a737b -> c259f80b255e5f3dc4577d005af09e50
  custom:scripting/monoscript/fileName/PanelControlBlueSky.cs: 4372aafdd06fd07a846c1988e16d42fb -> 
  custom:scripting/monoscript/fileName/Controller.cs: 9ac834cf3508dd1b6236017959eb9876 -> 
  custom:scripting/monoscript/fileName/DataStore.cs: bcb57d0f6ce1b69b5e705ca75b4f2903 -> 
  custom:video-encoder-webm-vp8: eb34c28f22e8b96e1ab97ce403110664 -> 
  custom:scripting/monoscript/fileName/TutorialPanel.cs: afc68be299170ca6b0629c3822839884 -> 6d857e2d74239cb2977ab602ad26b2f6
  custom:audio-decoder-ogg-vorbis: bf7c407c2cedff20999df2af8eb42d56 -> 
  custom:scripting/monoscript/fileName/PopupAnimation.cs: d622ef3e1efb31614179a85dfdaaa2c8 -> a5f58fca68809c512ff619983394f4f2
  custom:scripting/monoscript/fileName/Audio.cs: fce2c3646fd5a5fb136f4e093ff161a0 -> 
  custom:scripting/monoscript/fileName/Score.cs: 571ceaabfa11895c7a7212f0a37dba86 -> 
  custom:scripting/monoscript/fileName/Field.cs: 754baad824181aa766edb1f46aaf9467 -> 
  custom:scripting/monoscript/fileName/QuizController.cs: 2f1183ae927fe3aac0007700e7fc1fb0 -> 4d9bc6184856e9abac37a37d39c6b286
  custom:audio-encoder-webm-vorbis: bf7c407c2cedff20999df2af8eb42d56 -> 
  custom:scripting/monoscript/fileName/TravelMap.cs: 05f07abb596d0adf5b4de719ef58b396 -> 4dae51c169d5fffc7f168ece56a260e8
  custom:scripting/monoscript/fileName/PanelUserName.cs: 2662b4f7089f6e423a0fa91b2b8d0f9c -> 60a2534041db89af6dfa84eb10ae6c08
========================================================================
Received Prepare
Begin MonoManager ReloadAssembly
Symbol file LoadedFromMemory is not a mono symbol file
- Loaded All Assemblies, in  0.368 seconds
Refreshing native plugins compatible for Editor in 3.04 ms, found 4 plugins.
Native extension for UWP target not found
Native extension for LinuxStandalone target not found
Native extension for WindowsStandalone target not found
Native extension for AppleTV target not found
Failed to load: D:/Unity/Editors/2022.3.37f1/Editor/Data/PlaybackEngines/VisionOSPlayer\x64\UnityEditor.VisionOS.Native.dll
Native extension for VisionOS target not found
Native extension for iOS target not found
Native extension for Android target not found
Native extension for OSXStandalone target not found
Native extension for WebGL target not found
[Package Manager] Server::EnsureServerProcessIsRunning -- launch failed, reason: Unity was launched with the -noUpm command-line argument
[Package Manager] UpmClient::Send -- Unable to send message (not connected to UPM process).
[Package Manager] Cannot connect to Unity Package Manager local server
Mono: successfully reloaded assembly
- Finished resetting the current domain, in  0.729 seconds
Domain Reload Profiling: 1097ms
	BeginReloadAssembly (127ms)
		ExecutionOrderSort (0ms)
		DisableScriptedObjects (9ms)
		BackupInstance (0ms)
		ReleaseScriptingObjects (0ms)
		CreateAndSetChildDomain (34ms)
	RebuildCommonClasses (23ms)
	RebuildNativeTypeToScriptingClass (8ms)
	initialDomainReloadingComplete (21ms)
	LoadAllAssembliesAndSetupDomain (188ms)
		LoadAssemblies (237ms)
		RebuildTransferFunctionScriptingTraits (0ms)
		AnalyzeDomain (11ms)
			TypeCache.Refresh (5ms)
				TypeCache.ScanAssembly (0ms)
			ScanForSourceGeneratedMonoScriptInfo (0ms)
			ResolveRequiredComponents (5ms)
	FinalizeReload (730ms)
		ReleaseScriptCaches (0ms)
		RebuildScriptCaches (0ms)
		SetupLoadedEditorAssemblies (351ms)
			LogAssemblyErrors (0ms)
			InitializePlatformSupportModulesInManaged (35ms)
			SetLoadedEditorAssemblies (3ms)
			RefreshPlugins (0ms)
			BeforeProcessingInitializeOnLoad (49ms)
			ProcessInitializeOnLoadAttributes (238ms)
			ProcessInitializeOnLoadMethodAttributes (24ms)
			AfterProcessingInitializeOnLoad (2ms)
			EditorAssembliesLoaded (0ms)
		ExecutionOrderSort2 (0ms)
		AwakeInstancesAfterBackupRestoration (9ms)
Refreshing native plugins compatible for Editor in 2.95 ms, found 4 plugins.
Preloading 0 native plugins for Editor in 0.00 ms.
Unloading 4069 Unused Serialized files (Serialized files now loaded: 0)
Unloading 43 unused Assets / (38.8 KB). Loaded Objects now: 4583.
Memory consumption went from 146.1 MB to 146.0 MB.
Total: 2.886100 ms (FindLiveObjects: 0.245000 ms CreateObjectMapping: 0.145300 ms MarkObjects: 2.436700 ms  DeleteObjects: 0.058300 ms)

Prepare: number of updated asset objects reloaded= 0
AssetImportParameters requested are different than current active one (requested -> active):
  custom:scripting/monoscript/fileName/Hud.cs: 3f613027fc63bf38f5a0c37d8874ee72 -> 
  custom:scripting/monoscript/fileName/UIParticleSystem.cs: f2032cc42c92df1f74c30ddf20d1edd6 -> 
  custom:container-demuxer-ogg: 62fdf1f143b41e24485cea50d1cbac27 -> 
  custom:scripting/monoscript/fileName/QuizLevel.cs: c4a892a335b7b84b476bf729addc86ae -> 4d603538b12c3621a34fb9fb33b036cc
  custom:scripting/monoscript/fileName/QuizQuestion.cs: 216181715a7b8be7765cde7f42b1d90f -> d94d1239b4bdb2cc8f926a69483f4cb4
  custom:video-decoder-ogg-theora: a1e56fd34408186e4bbccfd4996cb3dc -> 
  custom:framework-win-MediaFoundation: 216162199b28c13a410421893ffa2e32 -> 
  custom:scripting/monoscript/fileName/DOTweenInitializer.cs: 8e2cca5921a9b80cf33deea7940e5e4f -> 
  custom:scripting/monoscript/fileName/LevelManager.cs: f244a9524e679832f23f3fa7f91df5a5 -> 64e85ca0c67720aad0a2175177ff3eee
  custom:scripting/monoscript/fileName/Token.cs: eaaf38c2d587e5e76126b9ad860e251e -> 
  custom:scripting/monoscript/fileName/LevelButton.cs: 4da5bfbb2fb1e2738c5bd619a1adece5 -> b434bbac274fdfda2ff564593a03bbb9
  custom:CustomObjectIndexerAttribute: 9a22284fe3817be447336de3de66b15e -> 
  custom:container-demuxer-webm: 4f35f7cbe854078d1ac9338744f61a02 -> 
  custom:scripting/monoscript/fileName/RankAchievementsController.cs: 3cda00d22909278ae2f36a1671ebe093 -> 70af8ae6b5d1b3ed919378cb4258070d
  custom:scripting/monoscript/fileName/MainCameraMowemant.cs: a8899ae28a39af31656bbf00666fedaa -> 
  custom:scripting/monoscript/fileName/SettingPanel.cs: 9886d269b1477f3aee4483b06c921c55 -> 23906421fb342a1f53a99de0c5947e7b
  custom:container-muxer-webm: aa71ff27fc2769a1b78a27578f13a17b -> 
  custom:scripting/monoscript/fileName/PanelBlueSky.cs: 6e49e0693c0bbaeed5d2ad7c69c366f3 -> 
  custom:scripting/monoscript/fileName/LevelParameters.cs: 1ab313d196c3a0c35b85ddf12a679ed7 -> 
  custom:scripting/monoscript/fileName/LevelState.cs: cc670ad5cf6736d0894caca50f8513d4 -> 49477e9094210c0c540f6bf588b801a4
  custom:video-decoder-webm-vp8: 9c59270c3fd7afecdb556c50c9e8de78 -> 
  custom:SearchIndexIgnoredProperties: e643bd26f0fe6173181afceb89e7c659 -> 
  custom:AudioImporter_EditorPlatform: d09bf68614088b80899f8185d706f6e7 -> 
  custom:scripting/monoscript/fileName/StartPanel.cs: a4808055277a3c414872a927656a737b -> c259f80b255e5f3dc4577d005af09e50
  custom:scripting/monoscript/fileName/PanelControlBlueSky.cs: 4372aafdd06fd07a846c1988e16d42fb -> 
  custom:scripting/monoscript/fileName/Controller.cs: 9ac834cf3508dd1b6236017959eb9876 -> 
  custom:scripting/monoscript/fileName/DataStore.cs: bcb57d0f6ce1b69b5e705ca75b4f2903 -> 
  custom:video-encoder-webm-vp8: eb34c28f22e8b96e1ab97ce403110664 -> 
  custom:scripting/monoscript/fileName/TutorialPanel.cs: afc68be299170ca6b0629c3822839884 -> 6d857e2d74239cb2977ab602ad26b2f6
  custom:audio-decoder-ogg-vorbis: bf7c407c2cedff20999df2af8eb42d56 -> 
  custom:scripting/monoscript/fileName/PopupAnimation.cs: d622ef3e1efb31614179a85dfdaaa2c8 -> a5f58fca68809c512ff619983394f4f2
  custom:scripting/monoscript/fileName/Audio.cs: fce2c3646fd5a5fb136f4e093ff161a0 -> 
  custom:scripting/monoscript/fileName/Score.cs: 571ceaabfa11895c7a7212f0a37dba86 -> 
  custom:scripting/monoscript/fileName/Field.cs: 754baad824181aa766edb1f46aaf9467 -> 
  custom:scripting/monoscript/fileName/QuizController.cs: 2f1183ae927fe3aac0007700e7fc1fb0 -> 4d9bc6184856e9abac37a37d39c6b286
  custom:audio-encoder-webm-vorbis: bf7c407c2cedff20999df2af8eb42d56 -> 
  custom:scripting/monoscript/fileName/TravelMap.cs: 05f07abb596d0adf5b4de719ef58b396 -> 4dae51c169d5fffc7f168ece56a260e8
  custom:scripting/monoscript/fileName/PanelUserName.cs: 2662b4f7089f6e423a0fa91b2b8d0f9c -> 60a2534041db89af6dfa84eb10ae6c08
========================================================================
Received Prepare
Begin MonoManager ReloadAssembly
Symbol file LoadedFromMemory is not a mono symbol file
- Loaded All Assemblies, in  0.380 seconds
Refreshing native plugins compatible for Editor in 3.26 ms, found 4 plugins.
Native extension for UWP target not found
Native extension for LinuxStandalone target not found
Native extension for WindowsStandalone target not found
Native extension for AppleTV target not found
Failed to load: D:/Unity/Editors/2022.3.37f1/Editor/Data/PlaybackEngines/VisionOSPlayer\x64\UnityEditor.VisionOS.Native.dll
Native extension for VisionOS target not found
Native extension for iOS target not found
Native extension for Android target not found
Native extension for OSXStandalone target not found
Native extension for WebGL target not found
[Package Manager] Server::EnsureServerProcessIsRunning -- launch failed, reason: Unity was launched with the -noUpm command-line argument
[Package Manager] UpmClient::Send -- Unable to send message (not connected to UPM process).
[Package Manager] Cannot connect to Unity Package Manager local server
Mono: successfully reloaded assembly
- Finished resetting the current domain, in  0.777 seconds
Domain Reload Profiling: 1158ms
	BeginReloadAssembly (134ms)
		ExecutionOrderSort (0ms)
		DisableScriptedObjects (9ms)
		BackupInstance (0ms)
		ReleaseScriptingObjects (0ms)
		CreateAndSetChildDomain (35ms)
	RebuildCommonClasses (34ms)
	RebuildNativeTypeToScriptingClass (8ms)
	initialDomainReloadingComplete (20ms)
	LoadAllAssembliesAndSetupDomain (184ms)
		LoadAssemblies (239ms)
		RebuildTransferFunctionScriptingTraits (0ms)
		AnalyzeDomain (11ms)
			TypeCache.Refresh (5ms)
				TypeCache.ScanAssembly (0ms)
			ScanForSourceGeneratedMonoScriptInfo (0ms)
			ResolveRequiredComponents (4ms)
	FinalizeReload (778ms)
		ReleaseScriptCaches (0ms)
		RebuildScriptCaches (0ms)
		SetupLoadedEditorAssemblies (388ms)
			LogAssemblyErrors (0ms)
			InitializePlatformSupportModulesInManaged (32ms)
			SetLoadedEditorAssemblies (3ms)
			RefreshPlugins (0ms)
			BeforeProcessingInitializeOnLoad (55ms)
			ProcessInitializeOnLoadAttributes (267ms)
			ProcessInitializeOnLoadMethodAttributes (29ms)
			AfterProcessingInitializeOnLoad (2ms)
			EditorAssembliesLoaded (0ms)
		ExecutionOrderSort2 (0ms)
		AwakeInstancesAfterBackupRestoration (9ms)
Refreshing native plugins compatible for Editor in 3.16 ms, found 4 plugins.
Preloading 0 native plugins for Editor in 0.00 ms.
Unloading 4069 Unused Serialized files (Serialized files now loaded: 0)
Unloading 43 unused Assets / (37.8 KB). Loaded Objects now: 4587.
Memory consumption went from 146.1 MB to 146.0 MB.
Total: 3.310200 ms (FindLiveObjects: 0.266400 ms CreateObjectMapping: 0.150800 ms MarkObjects: 2.832700 ms  DeleteObjects: 0.059600 ms)

Prepare: number of updated asset objects reloaded= 0
AssetImportParameters requested are different than current active one (requested -> active):
  custom:scripting/monoscript/fileName/Hud.cs: 3f613027fc63bf38f5a0c37d8874ee72 -> 
  custom:scripting/monoscript/fileName/UIParticleSystem.cs: f2032cc42c92df1f74c30ddf20d1edd6 -> 
  custom:container-demuxer-ogg: 62fdf1f143b41e24485cea50d1cbac27 -> 
  custom:scripting/monoscript/fileName/QuizLevel.cs: c4a892a335b7b84b476bf729addc86ae -> 4d603538b12c3621a34fb9fb33b036cc
  custom:scripting/monoscript/fileName/QuizQuestion.cs: 216181715a7b8be7765cde7f42b1d90f -> d94d1239b4bdb2cc8f926a69483f4cb4
  custom:video-decoder-ogg-theora: a1e56fd34408186e4bbccfd4996cb3dc -> 
  custom:framework-win-MediaFoundation: 216162199b28c13a410421893ffa2e32 -> 
  custom:scripting/monoscript/fileName/DOTweenInitializer.cs: 8e2cca5921a9b80cf33deea7940e5e4f -> 
  custom:scripting/monoscript/fileName/LevelManager.cs: f244a9524e679832f23f3fa7f91df5a5 -> 64e85ca0c67720aad0a2175177ff3eee
  custom:scripting/monoscript/fileName/Token.cs: eaaf38c2d587e5e76126b9ad860e251e -> 
  custom:scripting/monoscript/fileName/LevelButton.cs: 4da5bfbb2fb1e2738c5bd619a1adece5 -> b434bbac274fdfda2ff564593a03bbb9
  custom:CustomObjectIndexerAttribute: 9a22284fe3817be447336de3de66b15e -> 
  custom:container-demuxer-webm: 4f35f7cbe854078d1ac9338744f61a02 -> 
  custom:scripting/monoscript/fileName/RankAchievementsController.cs: 3cda00d22909278ae2f36a1671ebe093 -> 70af8ae6b5d1b3ed919378cb4258070d
  custom:scripting/monoscript/fileName/MainCameraMowemant.cs: a8899ae28a39af31656bbf00666fedaa -> 
  custom:scripting/monoscript/fileName/SettingPanel.cs: 9886d269b1477f3aee4483b06c921c55 -> 23906421fb342a1f53a99de0c5947e7b
  custom:container-muxer-webm: aa71ff27fc2769a1b78a27578f13a17b -> 
  custom:scripting/monoscript/fileName/PanelBlueSky.cs: 6e49e0693c0bbaeed5d2ad7c69c366f3 -> 
  custom:scripting/monoscript/fileName/LevelParameters.cs: 1ab313d196c3a0c35b85ddf12a679ed7 -> 
  custom:scripting/monoscript/fileName/LevelState.cs: cc670ad5cf6736d0894caca50f8513d4 -> 49477e9094210c0c540f6bf588b801a4
  custom:video-decoder-webm-vp8: 9c59270c3fd7afecdb556c50c9e8de78 -> 
  custom:SearchIndexIgnoredProperties: e643bd26f0fe6173181afceb89e7c659 -> 
  custom:AudioImporter_EditorPlatform: d09bf68614088b80899f8185d706f6e7 -> 
  custom:scripting/monoscript/fileName/StartPanel.cs: a4808055277a3c414872a927656a737b -> c259f80b255e5f3dc4577d005af09e50
  custom:scripting/monoscript/fileName/PanelControlBlueSky.cs: 4372aafdd06fd07a846c1988e16d42fb -> 
  custom:scripting/monoscript/fileName/Controller.cs: 9ac834cf3508dd1b6236017959eb9876 -> 
  custom:scripting/monoscript/fileName/DataStore.cs: bcb57d0f6ce1b69b5e705ca75b4f2903 -> 
  custom:video-encoder-webm-vp8: eb34c28f22e8b96e1ab97ce403110664 -> 
  custom:scripting/monoscript/fileName/TutorialPanel.cs: afc68be299170ca6b0629c3822839884 -> 6d857e2d74239cb2977ab602ad26b2f6
  custom:audio-decoder-ogg-vorbis: bf7c407c2cedff20999df2af8eb42d56 -> 
  custom:scripting/monoscript/fileName/PopupAnimation.cs: d622ef3e1efb31614179a85dfdaaa2c8 -> a5f58fca68809c512ff619983394f4f2
  custom:scripting/monoscript/fileName/Audio.cs: fce2c3646fd5a5fb136f4e093ff161a0 -> 
  custom:scripting/monoscript/fileName/Score.cs: 571ceaabfa11895c7a7212f0a37dba86 -> 
  custom:scripting/monoscript/fileName/Field.cs: 754baad824181aa766edb1f46aaf9467 -> 
  custom:scripting/monoscript/fileName/QuizController.cs: 2f1183ae927fe3aac0007700e7fc1fb0 -> 4d9bc6184856e9abac37a37d39c6b286
  custom:audio-encoder-webm-vorbis: bf7c407c2cedff20999df2af8eb42d56 -> 
  custom:scripting/monoscript/fileName/TravelMap.cs: 05f07abb596d0adf5b4de719ef58b396 -> 4dae51c169d5fffc7f168ece56a260e8
  custom:scripting/monoscript/fileName/PanelUserName.cs: 2662b4f7089f6e423a0fa91b2b8d0f9c -> 60a2534041db89af6dfa84eb10ae6c08
========================================================================
Received Import Request.
  Time since last request: 10320.568452 seconds.
  path: Assets/Sprites/Title/1_title.png
  artifactKey: Guid(b7e10edb15340784482d315bcaf65970) Importer(815301076,1909f56bfc062723c751e8b465ee728b)
Start importing Assets/Sprites/Title/1_title.png using Guid(b7e10edb15340784482d315bcaf65970) Importer(815301076,1909f56bfc062723c751e8b465ee728b) [PhysX] Initialized MultithreadedTaskDispatcher with 16 workers.
[PhysX] Initialized MultithreadedTaskDispatcher with 16 workers.
 -> (artifact id: '5e82f19de92504723c4d2c269daad03d') in 0.238023 seconds
Number of updated asset objects reloaded before import = 0
Number of asset objects unloaded after import = 3
========================================================================
Received Import Request.
  Time since last request: 0.000046 seconds.
  path: Assets/Sprites/Title/9_title.png
  artifactKey: Guid(f3337f3869ff68040bbb4fa218de5ae1) Importer(815301076,1909f56bfc062723c751e8b465ee728b)
Start importing Assets/Sprites/Title/9_title.png using Guid(f3337f3869ff68040bbb4fa218de5ae1) Importer(815301076,1909f56bfc062723c751e8b465ee728b) [PhysX] Initialized MultithreadedTaskDispatcher with 16 workers.
[PhysX] Initialized MultithreadedTaskDispatcher with 16 workers.
 -> (artifact id: 'f838afd89cef1debd2e0e9ebfba08e7a') in 0.016748 seconds
Number of updated asset objects reloaded before import = 0
Number of asset objects unloaded after import = 3
========================================================================
Received Import Request.
  Time since last request: 0.000026 seconds.
  path: Assets/Sprites/Title/7_title.png
  artifactKey: Guid(e62e29b4e73a963428db53ae3bde9fe8) Importer(815301076,1909f56bfc062723c751e8b465ee728b)
Start importing Assets/Sprites/Title/7_title.png using Guid(e62e29b4e73a963428db53ae3bde9fe8) Importer(815301076,1909f56bfc062723c751e8b465ee728b) [PhysX] Initialized MultithreadedTaskDispatcher with 16 workers.
[PhysX] Initialized MultithreadedTaskDispatcher with 16 workers.
 -> (artifact id: '5369eebf14a575f60523a93b3ce95505') in 0.015122 seconds
Number of updated asset objects reloaded before import = 0
Number of asset objects unloaded after import = 3
========================================================================
Received Import Request.
  Time since last request: 0.000014 seconds.
  path: Assets/Sprites/Title/4_title.png
  artifactKey: Guid(4c88663d88407174499f9d503ac03e61) Importer(815301076,1909f56bfc062723c751e8b465ee728b)
Start importing Assets/Sprites/Title/4_title.png using Guid(4c88663d88407174499f9d503ac03e61) Importer(815301076,1909f56bfc062723c751e8b465ee728b) [PhysX] Initialized MultithreadedTaskDispatcher with 16 workers.
[PhysX] Initialized MultithreadedTaskDispatcher with 16 workers.
 -> (artifact id: 'f21cbe758c8fb61cb5dea3b9292b83ed') in 0.022328 seconds
Number of updated asset objects reloaded before import = 0
Number of asset objects unloaded after import = 3
========================================================================
Received Import Request.
  Time since last request: 0.000016 seconds.
  path: Assets/Sprites/Title/8_title.png
  artifactKey: Guid(88b02ab7b5ff8e141ac88ef6971fdcfe) Importer(815301076,1909f56bfc062723c751e8b465ee728b)
Start importing Assets/Sprites/Title/8_title.png using Guid(88b02ab7b5ff8e141ac88ef6971fdcfe) Importer(815301076,1909f56bfc062723c751e8b465ee728b) [PhysX] Initialized MultithreadedTaskDispatcher with 16 workers.
[PhysX] Initialized MultithreadedTaskDispatcher with 16 workers.
 -> (artifact id: 'a7b473b01822e9470936b6effab2e7a3') in 0.017621 seconds
Number of updated asset objects reloaded before import = 0
Number of asset objects unloaded after import = 3
========================================================================
Received Import Request.
  Time since last request: 1.457720 seconds.
  path: Assets/Sprites/Person/2.png
  artifactKey: Guid(782fee4956cf8a44aadd62b132d35afa) Importer(815301076,1909f56bfc062723c751e8b465ee728b)
Start importing Assets/Sprites/Person/2.png using Guid(782fee4956cf8a44aadd62b132d35afa) Importer(815301076,1909f56bfc062723c751e8b465ee728b) [PhysX] Initialized MultithreadedTaskDispatcher with 16 workers.
[PhysX] Initialized MultithreadedTaskDispatcher with 16 workers.
 -> (artifact id: '5136f4038b01fdc2fa99abe545ab6845') in 0.023585 seconds
Number of updated asset objects reloaded before import = 0
Number of asset objects unloaded after import = 3
========================================================================
Received Import Request.
  Time since last request: 0.000015 seconds.
  path: Assets/Sprites/Person/4.png
  artifactKey: Guid(ff4cc74a8b5a3424594bb045f2941855) Importer(815301076,1909f56bfc062723c751e8b465ee728b)
Start importing Assets/Sprites/Person/4.png using Guid(ff4cc74a8b5a3424594bb045f2941855) Importer(815301076,1909f56bfc062723c751e8b465ee728b) [PhysX] Initialized MultithreadedTaskDispatcher with 16 workers.
[PhysX] Initialized MultithreadedTaskDispatcher with 16 workers.
 -> (artifact id: '11bb46e0b8b02679e5161a1157c7aa2b') in 0.017468 seconds
Number of updated asset objects reloaded before import = 0
Number of asset objects unloaded after import = 3
========================================================================
Received Import Request.
  Time since last request: 0.000018 seconds.
  path: Assets/Sprites/Person/6.png
  artifactKey: Guid(2d792d7a01d7b004e8ff73b666f0c0a3) Importer(815301076,1909f56bfc062723c751e8b465ee728b)
Start importing Assets/Sprites/Person/6.png using Guid(2d792d7a01d7b004e8ff73b666f0c0a3) Importer(815301076,1909f56bfc062723c751e8b465ee728b) [PhysX] Initialized MultithreadedTaskDispatcher with 16 workers.
[PhysX] Initialized MultithreadedTaskDispatcher with 16 workers.
 -> (artifact id: '40b68d60d63ca8cc7074421f2a397c59') in 0.017120 seconds
Number of updated asset objects reloaded before import = 0
Number of asset objects unloaded after import = 3
========================================================================
Received Import Request.
  Time since last request: 0.000017 seconds.
  path: Assets/Sprites/Person/7.png
  artifactKey: Guid(a7dac16737ddf8147ab2b28dbd2c8497) Importer(815301076,1909f56bfc062723c751e8b465ee728b)
Start importing Assets/Sprites/Person/7.png using Guid(a7dac16737ddf8147ab2b28dbd2c8497) Importer(815301076,1909f56bfc062723c751e8b465ee728b) [PhysX] Initialized MultithreadedTaskDispatcher with 16 workers.
[PhysX] Initialized MultithreadedTaskDispatcher with 16 workers.
 -> (artifact id: 'a6bce62456da3333cf5e507dc20e169d') in 0.017452 seconds
Number of updated asset objects reloaded before import = 0
Number of asset objects unloaded after import = 3
========================================================================
Received Import Request.
  Time since last request: 0.000015 seconds.
  path: Assets/Sprites/Person/5.png
  artifactKey: Guid(318a3a0318d58414aadb4eec88219bb5) Importer(815301076,1909f56bfc062723c751e8b465ee728b)
Start importing Assets/Sprites/Person/5.png using Guid(318a3a0318d58414aadb4eec88219bb5) Importer(815301076,1909f56bfc062723c751e8b465ee728b) [PhysX] Initialized MultithreadedTaskDispatcher with 16 workers.
[PhysX] Initialized MultithreadedTaskDispatcher with 16 workers.
 -> (artifact id: 'e7b81dd6caaa92d43abcf064d9cd8c25') in 0.019247 seconds
Number of updated asset objects reloaded before import = 0
Number of asset objects unloaded after import = 3
========================================================================
Received Import Request.
  Time since last request: 39.104455 seconds.
  path: Assets/Sprites/Achivment/Closed/Achiv2(closed).png
  artifactKey: Guid(3b0d9160d88c3564cb03c00388bc9ea1) Importer(815301076,1909f56bfc062723c751e8b465ee728b)
Start importing Assets/Sprites/Achivment/Closed/Achiv2(closed).png using Guid(3b0d9160d88c3564cb03c00388bc9ea1) Importer(815301076,1909f56bfc062723c751e8b465ee728b) [PhysX] Initialized MultithreadedTaskDispatcher with 16 workers.
[PhysX] Initialized MultithreadedTaskDispatcher with 16 workers.
 -> (artifact id: '0ed0c68ada95d1827c37706b6c2b28e6') in 0.021925 seconds
Number of updated asset objects reloaded before import = 0
Number of asset objects unloaded after import = 3
========================================================================
Received Import Request.
  Time since last request: 0.000019 seconds.
  path: Assets/Sprites/Achivment/Closed/Achiv3(closed).png
  artifactKey: Guid(2fcfb300161540a47b9bcef38c5ee246) Importer(815301076,1909f56bfc062723c751e8b465ee728b)
Start importing Assets/Sprites/Achivment/Closed/Achiv3(closed).png using Guid(2fcfb300161540a47b9bcef38c5ee246) Importer(815301076,1909f56bfc062723c751e8b465ee728b) [PhysX] Initialized MultithreadedTaskDispatcher with 16 workers.
[PhysX] Initialized MultithreadedTaskDispatcher with 16 workers.
 -> (artifact id: '2e3f6e0ef8321736b0e56fad3efead74') in 0.016105 seconds
Number of updated asset objects reloaded before import = 0
Number of asset objects unloaded after import = 3
========================================================================
Received Import Request.
  Time since last request: 0.000018 seconds.
  path: Assets/Plugins/Demigiant/DOTween/Editor/Imgs/DOTweenMiniIcon.png
  artifactKey: Guid(61521df2e071645488ba3d05e49289ae) Importer(815301076,1909f56bfc062723c751e8b465ee728b)
Start importing Assets/Plugins/Demigiant/DOTween/Editor/Imgs/DOTweenMiniIcon.png using Guid(61521df2e071645488ba3d05e49289ae) Importer(815301076,1909f56bfc062723c751e8b465ee728b) [PhysX] Initialized MultithreadedTaskDispatcher with 16 workers.
[PhysX] Initialized MultithreadedTaskDispatcher with 16 workers.
 -> (artifact id: 'cbc3d39c726ec57bf3f112d6546ae1ce') in 0.010731 seconds
Number of updated asset objects reloaded before import = 0
Number of asset objects unloaded after import = 2
========================================================================
Received Import Request.
  Time since last request: 0.000015 seconds.
  path: Assets/Sprites/Achivment/Open/Achiv2(open).png
  artifactKey: Guid(1597d56a92d6e774cb88ce3af7a2d220) Importer(815301076,1909f56bfc062723c751e8b465ee728b)
Start importing Assets/Sprites/Achivment/Open/Achiv2(open).png using Guid(1597d56a92d6e774cb88ce3af7a2d220) Importer(815301076,1909f56bfc062723c751e8b465ee728b) [PhysX] Initialized MultithreadedTaskDispatcher with 16 workers.
[PhysX] Initialized MultithreadedTaskDispatcher with 16 workers.
 -> (artifact id: '53a68f54df6871fe1a22e7ba8f5c0d17') in 0.019022 seconds
Number of updated asset objects reloaded before import = 0
Number of asset objects unloaded after import = 3
Editor requested this worker to shutdown with reason: Scaling down because of idle timeout
TcpMessagingSession - receive error: operation aborted. errorcode: 995, details: The I/O operation has been aborted because of either a thread exit or an application request.
AssetImportWorker is now disconnected from the server
Process exiting
Exiting without the bug reporter. Application will terminate with return code 0